[debug] [2025-11-12T00:02:17.018Z] ----------------------------------------------------------------------
[debug] [2025-11-12T00:02:17.020Z] Command:       /opt/homebrew/Cellar/node/25.1.0_1/bin/node /opt/homebrew/bin/firebase deploy --only functions:onDeviceStatusChange
[debug] [2025-11-12T00:02:17.020Z] CLI Version:   14.24.2
[debug] [2025-11-12T00:02:17.021Z] Platform:      darwin
[debug] [2025-11-12T00:02:17.021Z] Node Version:  v25.1.0
[debug] [2025-11-12T00:02:17.021Z] Time:          Wed Nov 12 2025 01:02:17 GMT+0100 (Mitteleuropäische Normalzeit)
[debug] [2025-11-12T00:02:17.021Z] ----------------------------------------------------------------------
[debug] 
[debug] [2025-11-12T00:02:17.194Z] > command requires scopes: ["email","openid","https://www.googleapis.com/auth/cloudplatformprojects.readonly","https://www.googleapis.com/auth/firebase","https://www.googleapis.com/auth/cloud-platform"]
[debug] [2025-11-12T00:02:17.194Z] > authorizing via signed-in user (eworld.ch@gmail.com)
[debug] [2025-11-12T00:02:17.195Z] [iam] checking project voltfox-b1cef for permissions ["cloudfunctions.functions.create","cloudfunctions.functions.delete","cloudfunctions.functions.get","cloudfunctions.functions.list","cloudfunctions.functions.update","cloudfunctions.operations.get","firebase.projects.get"]
[debug] [2025-11-12T00:02:17.195Z] Checked if tokens are valid: true, expires at: 1762908958528
[debug] [2025-11-12T00:02:17.195Z] Checked if tokens are valid: true, expires at: 1762908958528
[debug] [2025-11-12T00:02:17.196Z] >>> [apiv2][query] POST https://cloudresourcemanager.googleapis.com/v1/projects/voltfox-b1cef:testIamPermissions [none]
[debug] [2025-11-12T00:02:17.196Z] >>> [apiv2][(partial)header] POST https://cloudresourcemanager.googleapis.com/v1/projects/voltfox-b1cef:testIamPermissions x-goog-quota-user=projects/voltfox-b1cef
[debug] [2025-11-12T00:02:17.196Z] >>> [apiv2][body] POST https://cloudresourcemanager.googleapis.com/v1/projects/voltfox-b1cef:testIamPermissions {"permissions":["cloudfunctions.functions.create","cloudfunctions.functions.delete","cloudfunctions.functions.get","cloudfunctions.functions.list","cloudfunctions.functions.update","cloudfunctions.operations.get","firebase.projects.get"]}
[debug] [2025-11-12T00:02:17.920Z] <<< [apiv2][status] POST https://cloudresourcemanager.googleapis.com/v1/projects/voltfox-b1cef:testIamPermissions 200
[debug] [2025-11-12T00:02:17.920Z] <<< [apiv2][body] POST https://cloudresourcemanager.googleapis.com/v1/projects/voltfox-b1cef:testIamPermissions {"permissions":["cloudfunctions.functions.create","cloudfunctions.functions.delete","cloudfunctions.functions.get","cloudfunctions.functions.list","cloudfunctions.functions.update","cloudfunctions.operations.get","firebase.projects.get"]}
[debug] [2025-11-12T00:02:17.920Z] Checked if tokens are valid: true, expires at: 1762908958528
[debug] [2025-11-12T00:02:17.920Z] Checked if tokens are valid: true, expires at: 1762908958528
[debug] [2025-11-12T00:02:17.920Z] >>> [apiv2][query] POST https://iam.googleapis.com/v1/projects/voltfox-b1cef/serviceAccounts/voltfox-b1cef@appspot.gserviceaccount.com:testIamPermissions [none]
[debug] [2025-11-12T00:02:17.920Z] >>> [apiv2][body] POST https://iam.googleapis.com/v1/projects/voltfox-b1cef/serviceAccounts/voltfox-b1cef@appspot.gserviceaccount.com:testIamPermissions {"permissions":["iam.serviceAccounts.actAs"]}
[debug] [2025-11-12T00:02:18.621Z] <<< [apiv2][status] POST https://iam.googleapis.com/v1/projects/voltfox-b1cef/serviceAccounts/voltfox-b1cef@appspot.gserviceaccount.com:testIamPermissions 200
[debug] [2025-11-12T00:02:18.622Z] <<< [apiv2][body] POST https://iam.googleapis.com/v1/projects/voltfox-b1cef/serviceAccounts/voltfox-b1cef@appspot.gserviceaccount.com:testIamPermissions {"permissions":["iam.serviceAccounts.actAs"]}
[info] 
[info] === Deploying to 'voltfox-b1cef'...
[info] 
[info] i  deploying functions 
[debug] [2025-11-12T00:02:18.624Z] Checked if tokens are valid: true, expires at: 1762908958528
[debug] [2025-11-12T00:02:18.624Z] Checked if tokens are valid: true, expires at: 1762908958528
[debug] [2025-11-12T00:02:18.624Z] >>> [apiv2][query] GET https://cloudresourcemanager.googleapis.com/v1/projects/voltfox-b1cef [none]
[debug] [2025-11-12T00:02:18.801Z] <<< [apiv2][status] GET https://cloudresourcemanager.googleapis.com/v1/projects/voltfox-b1cef 200
[debug] [2025-11-12T00:02:18.801Z] <<< [apiv2][body] GET https://cloudresourcemanager.googleapis.com/v1/projects/voltfox-b1cef {"projectNumber":"746607802051","projectId":"voltfox-b1cef","lifecycleState":"ACTIVE","name":"voltfox","labels":{"firebase":"enabled","firebase-core":"disabled"},"createTime":"2025-11-11T15:01:16.879018Z"}
[info] i  functions: preparing codebase default for deployment 
[info] i  functions: ensuring required API cloudfunctions.googleapis.com is enabled... 
[info] i  functions: ensuring required API cloudbuild.googleapis.com is enabled... 
[info] i  artifactregistry: ensuring required API artifactregistry.googleapis.com is enabled... 
[debug] [2025-11-12T00:02:18.802Z] Checked if tokens are valid: true, expires at: 1762908958528
[debug] [2025-11-12T00:02:18.802Z] Checked if tokens are valid: true, expires at: 1762908958528
[debug] [2025-11-12T00:02:18.803Z] >>> [apiv2][query] GET https://firebase.googleapis.com/v1beta1/projects/voltfox-b1cef/adminSdkConfig [none]
[debug] [2025-11-12T00:02:19.035Z] <<< [apiv2][status] GET https://firebase.googleapis.com/v1beta1/projects/voltfox-b1cef/adminSdkConfig 200
[debug] [2025-11-12T00:02:19.035Z] <<< [apiv2][body] GET https://firebase.googleapis.com/v1beta1/projects/voltfox-b1cef/adminSdkConfig {"projectId":"voltfox-b1cef","storageBucket":"voltfox-b1cef.firebasestorage.app"}
[debug] [2025-11-12T00:02:19.035Z] Checked if tokens are valid: true, expires at: 1762908958528
[debug] [2025-11-12T00:02:19.035Z] Checked if tokens are valid: true, expires at: 1762908958528
[debug] [2025-11-12T00:02:19.036Z] >>> [apiv2][query] GET https://runtimeconfig.googleapis.com/v1beta1/projects/voltfox-b1cef/configs [none]
[debug] [2025-11-12T00:02:19.244Z] <<< [apiv2][status] GET https://runtimeconfig.googleapis.com/v1beta1/projects/voltfox-b1cef/configs 200
[debug] [2025-11-12T00:02:19.244Z] <<< [apiv2][body] GET https://runtimeconfig.googleapis.com/v1beta1/projects/voltfox-b1cef/configs {}
[debug] [2025-11-12T00:02:19.246Z] Validating nodejs source
[warn] ⚠  functions: package.json indicates an outdated version of firebase-functions. Please upgrade using npm install --save firebase-functions@latest in your functions directory. 
[warn] ⚠  functions: Please note that there will be breaking changes when you upgrade. 
[debug] [2025-11-12T00:02:19.799Z] > [functions] package.json contents: {
  "name": "functions",
  "description": "VoltFox Cloud Functions for secure API calls",
  "scripts": {
    "serve": "firebase emulators:start --only functions",
    "shell": "firebase functions:shell",
    "start": "npm run shell",
    "deploy": "firebase deploy --only functions",
    "logs": "firebase functions:log"
  },
  "engines": {
    "node": "20"
  },
  "main": "index.js",
  "dependencies": {
    "firebase-admin": "^12.0.0",
    "firebase-functions": "^5.0.0",
    "openai": "^4.47.1",
    "resend": "^6.4.2"
  },
  "devDependencies": {
    "firebase-functions-test": "^3.1.0"
  },
  "private": true
}
[debug] [2025-11-12T00:02:19.799Z] Building nodejs source
[info] i  functions: Loading and analyzing source code for codebase default to determine what to deploy 
[debug] [2025-11-12T00:02:19.800Z] Could not find functions.yaml. Must use http discovery
[debug] [2025-11-12T00:02:19.812Z] Found firebase-functions binary at '/Users/renevogel/Downloads/voltfox/functions/node_modules/.bin/firebase-functions'
[info] Serving at port 8955

[debug] [2025-11-12T00:02:20.854Z] Got response from /__/functions.yaml {"endpoints":{"analyzeDeviceImage":{"availableMemoryMb":null,"timeoutSeconds":null,"minInstances":null,"maxInstances":null,"ingressSettings":null,"concurrency":null,"serviceAccountEmail":null,"vpc":null,"platform":"gcfv2","secretEnvironmentVariables":[{"key":"OPENAI_API_KEY"}],"labels":{},"callableTrigger":{},"entryPoint":"analyzeDeviceImage"},"onDeviceStatusChange":{"availableMemoryMb":null,"timeoutSeconds":null,"minInstances":null,"maxInstances":null,"ingressSettings":null,"concurrency":null,"serviceAccountEmail":null,"vpc":null,"platform":"gcfv2","secretEnvironmentVariables":[{"key":"RESEND_API_KEY"}],"labels":{},"eventTrigger":{"eventType":"google.cloud.firestore.document.v1.updated","eventFilters":{"database":"(default)","namespace":"(default)"},"eventFilterPathPatterns":{"document":"users/{userId}/devices/{deviceId}"},"retry":false},"entryPoint":"onDeviceStatusChange"}},"specVersion":"v1alpha1","requiredAPIs":[],"extensions":{},"params":[{"type":"secret","name":"OPENAI_API_KEY"},{"type":"secret","name":"RESEND_API_KEY"}]}
[info] i  extensions: ensuring required API firebaseextensions.googleapis.com is enabled... 
[debug] [2025-11-12T00:02:24.874Z] > command requires scopes: ["email","openid","https://www.googleapis.com/auth/cloudplatformprojects.readonly","https://www.googleapis.com/auth/firebase","https://www.googleapis.com/auth/cloud-platform"]
[debug] [2025-11-12T00:02:24.874Z] > authorizing via signed-in user (eworld.ch@gmail.com)
[debug] [2025-11-12T00:02:24.874Z] [iam] checking project voltfox-b1cef for permissions ["firebase.projects.get","firebaseextensions.instances.list"]
[debug] [2025-11-12T00:02:24.874Z] Checked if tokens are valid: true, expires at: 1762908958528
[debug] [2025-11-12T00:02:24.874Z] Checked if tokens are valid: true, expires at: 1762908958528
[debug] [2025-11-12T00:02:24.874Z] >>> [apiv2][query] POST https://cloudresourcemanager.googleapis.com/v1/projects/voltfox-b1cef:testIamPermissions [none]
[debug] [2025-11-12T00:02:24.874Z] >>> [apiv2][(partial)header] POST https://cloudresourcemanager.googleapis.com/v1/projects/voltfox-b1cef:testIamPermissions x-goog-quota-user=projects/voltfox-b1cef
[debug] [2025-11-12T00:02:24.874Z] >>> [apiv2][body] POST https://cloudresourcemanager.googleapis.com/v1/projects/voltfox-b1cef:testIamPermissions {"permissions":["firebase.projects.get","firebaseextensions.instances.list"]}
[debug] [2025-11-12T00:02:25.564Z] <<< [apiv2][status] POST https://cloudresourcemanager.googleapis.com/v1/projects/voltfox-b1cef:testIamPermissions 200
[debug] [2025-11-12T00:02:25.565Z] <<< [apiv2][body] POST https://cloudresourcemanager.googleapis.com/v1/projects/voltfox-b1cef:testIamPermissions {"permissions":["firebase.projects.get","firebaseextensions.instances.list"]}
[debug] [2025-11-12T00:02:25.565Z] Checked if tokens are valid: true, expires at: 1762908958528
[debug] [2025-11-12T00:02:25.565Z] Checked if tokens are valid: true, expires at: 1762908958528
[debug] [2025-11-12T00:02:25.565Z] >>> [apiv2][query] GET https://firebaseextensions.googleapis.com/v1beta/projects/voltfox-b1cef/instances pageSize=100&pageToken=
[debug] [2025-11-12T00:02:26.381Z] <<< [apiv2][status] GET https://firebaseextensions.googleapis.com/v1beta/projects/voltfox-b1cef/instances 200
[debug] [2025-11-12T00:02:26.381Z] <<< [apiv2][body] GET https://firebaseextensions.googleapis.com/v1beta/projects/voltfox-b1cef/instances {}
[debug] [2025-11-12T00:02:26.382Z] Checked if tokens are valid: true, expires at: 1762908958528
[debug] [2025-11-12T00:02:26.382Z] Checked if tokens are valid: true, expires at: 1762908958528
[debug] [2025-11-12T00:02:26.382Z] >>> [apiv2][query] GET https://secretmanager.googleapis.com/v1/projects/voltfox-b1cef/secrets/OPENAI_API_KEY [none]
[debug] [2025-11-12T00:02:26.547Z] <<< [apiv2][status] GET https://secretmanager.googleapis.com/v1/projects/voltfox-b1cef/secrets/OPENAI_API_KEY 200
[debug] [2025-11-12T00:02:26.547Z] <<< [apiv2][body] GET https://secretmanager.googleapis.com/v1/projects/voltfox-b1cef/secrets/OPENAI_API_KEY {"name":"projects/746607802051/secrets/OPENAI_API_KEY","replication":{"automatic":{}},"createTime":"2025-11-11T22:20:17.985039Z","labels":{"firebase-managed":"functions"},"etag":"\"1643590d8ee191\""}
[debug] [2025-11-12T00:02:26.547Z] Checked if tokens are valid: true, expires at: 1762908958528
[debug] [2025-11-12T00:02:26.547Z] Checked if tokens are valid: true, expires at: 1762908958528
[debug] [2025-11-12T00:02:26.547Z] >>> [apiv2][query] GET https://secretmanager.googleapis.com/v1/projects/voltfox-b1cef/secrets/OPENAI_API_KEY/versions/latest [none]
[debug] [2025-11-12T00:02:26.699Z] <<< [apiv2][status] GET https://secretmanager.googleapis.com/v1/projects/voltfox-b1cef/secrets/OPENAI_API_KEY/versions/latest 200
[debug] [2025-11-12T00:02:26.699Z] <<< [apiv2][body] GET https://secretmanager.googleapis.com/v1/projects/voltfox-b1cef/secrets/OPENAI_API_KEY/versions/latest {"name":"projects/746607802051/secrets/OPENAI_API_KEY/versions/1","createTime":"2025-11-11T22:20:34.499925Z","state":"ENABLED","replicationStatus":{"automatic":{}},"etag":"\"1643590e7d3155\""}
[debug] [2025-11-12T00:02:26.699Z] Checked if tokens are valid: true, expires at: 1762908958528
[debug] [2025-11-12T00:02:26.699Z] Checked if tokens are valid: true, expires at: 1762908958528
[debug] [2025-11-12T00:02:26.699Z] >>> [apiv2][query] GET https://secretmanager.googleapis.com/v1/projects/voltfox-b1cef/secrets/RESEND_API_KEY [none]
[debug] [2025-11-12T00:02:26.805Z] <<< [apiv2][status] GET https://secretmanager.googleapis.com/v1/projects/voltfox-b1cef/secrets/RESEND_API_KEY 200
[debug] [2025-11-12T00:02:26.805Z] <<< [apiv2][body] GET https://secretmanager.googleapis.com/v1/projects/voltfox-b1cef/secrets/RESEND_API_KEY {"name":"projects/746607802051/secrets/RESEND_API_KEY","replication":{"automatic":{}},"createTime":"2025-11-11T23:56:00.683342Z","labels":{"firebase-managed":"functions"},"etag":"\"16435a63e7b74c\""}
[debug] [2025-11-12T00:02:26.805Z] Checked if tokens are valid: true, expires at: 1762908958528
[debug] [2025-11-12T00:02:26.805Z] Checked if tokens are valid: true, expires at: 1762908958528
[debug] [2025-11-12T00:02:26.805Z] >>> [apiv2][query] GET https://secretmanager.googleapis.com/v1/projects/voltfox-b1cef/secrets/RESEND_API_KEY/versions/latest [none]
[debug] [2025-11-12T00:02:27.124Z] <<< [apiv2][status] GET https://secretmanager.googleapis.com/v1/projects/voltfox-b1cef/secrets/RESEND_API_KEY/versions/latest 200
[debug] [2025-11-12T00:02:27.124Z] <<< [apiv2][body] GET https://secretmanager.googleapis.com/v1/projects/voltfox-b1cef/secrets/RESEND_API_KEY/versions/latest {"name":"projects/746607802051/secrets/RESEND_API_KEY/versions/1","createTime":"2025-11-11T23:56:04.566464Z","state":"ENABLED","replicationStatus":{"automatic":{}},"etag":"\"16435a640711c0\""}
[info] i  functions: preparing functions directory for uploading... 
[info] i  functions: packaged /Users/renevogel/Downloads/voltfox/functions (38.78 KB) for uploading 
[debug] [2025-11-12T00:02:27.144Z] Checked if tokens are valid: true, expires at: 1762908958528
[debug] [2025-11-12T00:02:27.144Z] Checked if tokens are valid: true, expires at: 1762908958528
[debug] [2025-11-12T00:02:27.144Z] >>> [apiv2][query] GET https://cloudfunctions.googleapis.com/v1/projects/voltfox-b1cef/locations/-/functions [none]
[debug] [2025-11-12T00:02:27.844Z] <<< [apiv2][status] GET https://cloudfunctions.googleapis.com/v1/projects/voltfox-b1cef/locations/-/functions 200
[debug] [2025-11-12T00:02:27.845Z] <<< [apiv2][body] GET https://cloudfunctions.googleapis.com/v1/projects/voltfox-b1cef/locations/-/functions {}
[debug] [2025-11-12T00:02:27.845Z] Checked if tokens are valid: true, expires at: 1762908958528
[debug] [2025-11-12T00:02:27.845Z] Checked if tokens are valid: true, expires at: 1762908958528
[debug] [2025-11-12T00:02:27.845Z] >>> [apiv2][query] GET https://cloudfunctions.googleapis.com/v2/projects/voltfox-b1cef/locations/-/functions filter=environment%3D%22GEN_2%22
[debug] [2025-11-12T00:02:28.849Z] <<< [apiv2][status] GET https://cloudfunctions.googleapis.com/v2/projects/voltfox-b1cef/locations/-/functions 200
[debug] [2025-11-12T00:02:28.849Z] <<< [apiv2][body] GET https://cloudfunctions.googleapis.com/v2/projects/voltfox-b1cef/locations/-/functions {"functions":[{"name":"projects/voltfox-b1cef/locations/us-central1/functions/analyzeDeviceImage","buildConfig":{"build":"projects/746607802051/locations/us-central1/builds/1f13c538-2edb-4265-b645-f8791bc6500c","runtime":"nodejs20","entryPoint":"analyzeDeviceImage","source":{"storageSource":{"bucket":"gcf-v2-sources-746607802051-us-central1","object":"analyzeDeviceImage/function-source.zip","generation":"1762899838423269"}},"environmentVariables":{"GOOGLE_NODE_RUN_SCRIPTS":""},"dockerRepository":"projects/voltfox-b1cef/locations/us-central1/repositories/gcf-artifacts","sourceProvenance":{"resolvedStorageSource":{"bucket":"gcf-v2-sources-746607802051-us-central1","object":"analyzeDeviceImage/function-source.zip","generation":"1762899838423269"}},"dockerRegistry":"ARTIFACT_REGISTRY","serviceAccount":"projects/voltfox-b1cef/serviceAccounts/746607802051-compute@developer.gserviceaccount.com","automaticUpdatePolicy":{}},"serviceConfig":{"service":"projects/voltfox-b1cef/locations/us-central1/services/analyzedeviceimage","timeoutSeconds":60,"environmentVariables":{"FIREBASE_CONFIG":"{\"projectId\":\"voltfox-b1cef\",\"storageBucket\":\"voltfox-b1cef.firebasestorage.app\"}","GCLOUD_PROJECT":"voltfox-b1cef","EVENTARC_CLOUD_EVENT_SOURCE":"projects/voltfox-b1cef/locations/us-central1/services/analyzeDeviceImage","FUNCTION_TARGET":"analyzeDeviceImage","LOG_EXECUTION_ID":"true"},"maxInstanceCount":20,"ingressSettings":"ALLOW_ALL","uri":"https://analyzedeviceimage-vuft6jqpua-uc.a.run.app","serviceAccountEmail":"746607802051-compute@developer.gserviceaccount.com","availableMemory":"256Mi","allTrafficOnLatestRevision":true,"secretEnvironmentVariables":[{"key":"OPENAI_API_KEY","projectId":"voltfox-b1cef","secret":"OPENAI_API_KEY","version":"1"}],"revision":"analyzedeviceimage-00001-lom","maxInstanceRequestConcurrency":80,"availableCpu":"1"},"state":"ACTIVE","updateTime":"2025-11-11T23:58:00.404051358Z","labels":{"deployment-callable":"true","firebase-functions-hash":"0327eb948db609395d4a64c929d20cebd8cf484a","deployment-tool":"cli-firebase"},"environment":"GEN_2","url":"https://us-central1-voltfox-b1cef.cloudfunctions.net/analyzeDeviceImage","createTime":"2025-11-11T22:23:59.352190356Z","satisfiesPzi":true},{"name":"projects/voltfox-b1cef/locations/us-central1/functions/sendDeviceStatusEmail","buildConfig":{"build":"projects/746607802051/locations/us-central1/builds/9877d4e2-2954-4ca9-9b87-387442bbf35f","runtime":"nodejs20","entryPoint":"sendDeviceStatusEmail","source":{"storageSource":{"bucket":"gcf-v2-sources-746607802051-us-central1","object":"sendDeviceStatusEmail/function-source.zip","generation":"1762905556770441"}},"environmentVariables":{"GOOGLE_NODE_RUN_SCRIPTS":""},"dockerRepository":"projects/voltfox-b1cef/locations/us-central1/repositories/gcf-artifacts","sourceProvenance":{"resolvedStorageSource":{"bucket":"gcf-v2-sources-746607802051-us-central1","object":"sendDeviceStatusEmail/function-source.zip","generation":"1762905556770441"}},"dockerRegistry":"ARTIFACT_REGISTRY","serviceAccount":"projects/voltfox-b1cef/serviceAccounts/746607802051-compute@developer.gserviceaccount.com","automaticUpdatePolicy":{}},"state":"FAILED","updateTime":"2025-11-12T00:00:14.802178133Z","labels":{"deployment-tool":"cli-firebase","firebase-functions-hash":"fc6f372998b2e6b1f6f3137606ce5d211883427e"},"stateMessages":[{"severity":"ERROR","type":"CloudRunServiceNotFound","message":"Cloud Run service projects/voltfox-b1cef/locations/us-central1/services/senddevicestatusemail for the function was not found. The function will not work correctly. Please redeploy."},{"severity":"ERROR","type":"EventarcTriggerNotFound","message":"Eventarc trigger projects/voltfox-b1cef/locations/eur3/triggers/senddevicestatusemail-719013 for the function was not found. The function may not work correctly. Please redeploy."}],"environment":"GEN_2","url":"https://us-central1-voltfox-b1cef.cloudfunctions.net/sendDeviceStatusEmail","createTime":"2025-11-11T23:59:18.022327079Z","satisfiesPzi":true}]}
[debug] [2025-11-12T00:02:28.851Z] Checked if tokens are valid: true, expires at: 1762908958528
[debug] [2025-11-12T00:02:28.851Z] Checked if tokens are valid: true, expires at: 1762908958528
[debug] [2025-11-12T00:02:28.851Z] >>> [apiv2][query] GET https://firestore.googleapis.com/v1/projects/voltfox-b1cef/databases/(default) [none]
[debug] [2025-11-12T00:02:29.016Z] <<< [apiv2][status] GET https://firestore.googleapis.com/v1/projects/voltfox-b1cef/databases/(default) 200
[debug] [2025-11-12T00:02:29.016Z] <<< [apiv2][body] GET https://firestore.googleapis.com/v1/projects/voltfox-b1cef/databases/(default) {"name":"projects/voltfox-b1cef/databases/(default)","uid":"37a9e1f0-8349-49d4-90c1-dc1dd319bab2","createTime":"2025-11-11T20:55:02.901274Z","updateTime":"2025-11-11T20:55:02.901274Z","locationId":"eur3","type":"FIRESTORE_NATIVE","concurrencyMode":"PESSIMISTIC","versionRetentionPeriod":"3600s","earliestVersionTime":"2025-11-11T23:02:29.005162Z","appEngineIntegrationMode":"DISABLED","keyPrefix":"e","pointInTimeRecoveryEnablement":"POINT_IN_TIME_RECOVERY_DISABLED","deleteProtectionState":"DELETE_PROTECTION_DISABLED","databaseEdition":"STANDARD","freeTier":false,"realtimeUpdatesMode":"REALTIME_UPDATES_MODE_ENABLED","etag":"IInDxNen65ADMIXBuuv96pAD"}
[info] i  functions: ensuring required API run.googleapis.com is enabled... 
[info] i  functions: ensuring required API eventarc.googleapis.com is enabled... 
[info] i  functions: ensuring required API pubsub.googleapis.com is enabled... 
[info] i  functions: ensuring required API storage.googleapis.com is enabled... 
[info] i  functions: generating the service identity for pubsub.googleapis.com... 
[debug] [2025-11-12T00:02:29.018Z] Checked if tokens are valid: true, expires at: 1762908958528
[debug] [2025-11-12T00:02:29.018Z] Checked if tokens are valid: true, expires at: 1762908958528
[info] i  functions: generating the service identity for eventarc.googleapis.com... 
[debug] [2025-11-12T00:02:29.018Z] Checked if tokens are valid: true, expires at: 1762908958528
[debug] [2025-11-12T00:02:29.018Z] Checked if tokens are valid: true, expires at: 1762908958528
[debug] [2025-11-12T00:02:29.018Z] >>> [apiv2][query] POST https://serviceusage.googleapis.com/v1beta1/projects/746607802051/services/pubsub.googleapis.com:generateServiceIdentity [none]
[debug] [2025-11-12T00:02:29.018Z] >>> [apiv2][(partial)header] POST https://serviceusage.googleapis.com/v1beta1/projects/746607802051/services/pubsub.googleapis.com:generateServiceIdentity x-goog-quota-user=projects/746607802051
[debug] [2025-11-12T00:02:29.018Z] >>> [apiv2][body] POST https://serviceusage.googleapis.com/v1beta1/projects/746607802051/services/pubsub.googleapis.com:generateServiceIdentity {}
[debug] [2025-11-12T00:02:29.019Z] >>> [apiv2][query] POST https://serviceusage.googleapis.com/v1beta1/projects/746607802051/services/eventarc.googleapis.com:generateServiceIdentity [none]
[debug] [2025-11-12T00:02:29.019Z] >>> [apiv2][(partial)header] POST https://serviceusage.googleapis.com/v1beta1/projects/746607802051/services/eventarc.googleapis.com:generateServiceIdentity x-goog-quota-user=projects/746607802051
[debug] [2025-11-12T00:02:29.019Z] >>> [apiv2][body] POST https://serviceusage.googleapis.com/v1beta1/projects/746607802051/services/eventarc.googleapis.com:generateServiceIdentity {}
[debug] [2025-11-12T00:02:29.894Z] <<< [apiv2][status] POST https://serviceusage.googleapis.com/v1beta1/projects/746607802051/services/eventarc.googleapis.com:generateServiceIdentity 200
[debug] [2025-11-12T00:02:29.894Z] <<< [apiv2][body] POST https://serviceusage.googleapis.com/v1beta1/projects/746607802051/services/eventarc.googleapis.com:generateServiceIdentity {"name":"operations/finished.DONE_OPERATION","done":true,"response":{"@type":"type.googleapis.com/google.api.serviceusage.v1beta1.ServiceIdentity","email":"service-746607802051@gcp-sa-eventarc.iam.gserviceaccount.com","uniqueId":"100226437955574908629"}}
[debug] [2025-11-12T00:02:29.956Z] <<< [apiv2][status] POST https://serviceusage.googleapis.com/v1beta1/projects/746607802051/services/pubsub.googleapis.com:generateServiceIdentity 200
[debug] [2025-11-12T00:02:29.956Z] <<< [apiv2][body] POST https://serviceusage.googleapis.com/v1beta1/projects/746607802051/services/pubsub.googleapis.com:generateServiceIdentity {"name":"operations/finished.DONE_OPERATION","done":true,"response":{"@type":"type.googleapis.com/google.api.serviceusage.v1beta1.ServiceIdentity","email":"service-746607802051@gcp-sa-pubsub.iam.gserviceaccount.com","uniqueId":"100361220344525790612"}}
[info] i  functions: ensuring required API secretmanager.googleapis.com is enabled... 
[debug] [2025-11-12T00:02:29.958Z] Checked if tokens are valid: true, expires at: 1762908958528
[debug] [2025-11-12T00:02:29.958Z] Checked if tokens are valid: true, expires at: 1762908958528
[debug] [2025-11-12T00:02:29.959Z] >>> [apiv2][query] GET https://secretmanager.googleapis.com/v1/projects/voltfox-b1cef/secrets/RESEND_API_KEY/versions/latest [none]
[debug] [2025-11-12T00:02:30.094Z] <<< [apiv2][status] GET https://secretmanager.googleapis.com/v1/projects/voltfox-b1cef/secrets/RESEND_API_KEY/versions/latest 200
[debug] [2025-11-12T00:02:30.094Z] <<< [apiv2][body] GET https://secretmanager.googleapis.com/v1/projects/voltfox-b1cef/secrets/RESEND_API_KEY/versions/latest {"name":"projects/746607802051/secrets/RESEND_API_KEY/versions/1","createTime":"2025-11-11T23:56:04.566464Z","state":"ENABLED","replicationStatus":{"automatic":{}},"etag":"\"16435a640711c0\""}
[debug] [2025-11-12T00:02:30.094Z] Resolved secret version of RESEND_API_KEY to 1.
[debug] [2025-11-12T00:02:30.095Z] Checked if tokens are valid: true, expires at: 1762908958528
[debug] [2025-11-12T00:02:30.095Z] Checked if tokens are valid: true, expires at: 1762908958528
[debug] [2025-11-12T00:02:30.095Z] >>> [apiv2][query] GET https://compute.googleapis.com/compute/v1/projects/746607802051 [none]
[debug] [2025-11-12T00:02:30.302Z] <<< [apiv2][status] GET https://compute.googleapis.com/compute/v1/projects/746607802051 403
[debug] [2025-11-12T00:02:30.302Z] <<< [apiv2][body] GET https://compute.googleapis.com/compute/v1/projects/746607802051 {"error":{"code":403,"message":"Compute Engine API has not been used in project 746607802051 before or it is disabled. Enable it by visiting https://console.developers.google.com/apis/api/compute.googleapis.com/overview?project=746607802051 then retry. If you enabled this API recently, wait a few minutes for the action to propagate to our systems and retry.","errors":[{"message":"Compute Engine API has not been used in project 746607802051 before or it is disabled. Enable it by visiting https://console.developers.google.com/apis/api/compute.googleapis.com/overview?project=746607802051 then retry. If you enabled this API recently, wait a few minutes for the action to propagate to our systems and retry.","domain":"usageLimits","reason":"accessNotConfigured","extendedHelp":"https://console.developers.google.com"}],"status":"PERMISSION_DENIED","details":[{"@type":"type.googleapis.com/google.rpc.ErrorInfo","reason":"SERVICE_DISABLED","domain":"googleapis.com","metadata":{"consumer":"projects/746607802051","service":"compute.googleapis.com","serviceTitle":"Compute Engine API","activationUrl":"https://console.developers.google.com/apis/api/compute.googleapis.com/overview?project=746607802051","containerInfo":"746607802051"}},{"@type":"type.googleapis.com/google.rpc.LocalizedMessage","locale":"en-US","message":"Compute Engine API has not been used in project 746607802051 before or it is disabled. Enable it by visiting https://console.developers.google.com/apis/api/compute.googleapis.com/overview?project=746607802051 then retry. If you enabled this API recently, wait a few minutes for the action to propagate to our systems and retry."},{"@type":"type.googleapis.com/google.rpc.Help","links":[{"description":"Google developers console API activation","url":"https://console.developers.google.com/apis/api/compute.googleapis.com/overview?project=746607802051"}]}]}}
[debug] [2025-11-12T00:02:30.302Z] unable to look up default compute service account. Falling back to 746607802051-compute@developer.gserviceaccount.com. Error: {"name":"FirebaseError","children":[],"context":{"body":{"error":{"code":403,"message":"Compute Engine API has not been used in project 746607802051 before or it is disabled. Enable it by visiting https://console.developers.google.com/apis/api/compute.googleapis.com/overview?project=746607802051 then retry. If you enabled this API recently, wait a few minutes for the action to propagate to our systems and retry.","errors":[{"message":"Compute Engine API has not been used in project 746607802051 before or it is disabled. Enable it by visiting https://console.developers.google.com/apis/api/compute.googleapis.com/overview?project=746607802051 then retry. If you enabled this API recently, wait a few minutes for the action to propagate to our systems and retry.","domain":"usageLimits","reason":"accessNotConfigured","extendedHelp":"https://console.developers.google.com"}],"status":"PERMISSION_DENIED","details":[{"@type":"type.googleapis.com/google.rpc.ErrorInfo","reason":"SERVICE_DISABLED","domain":"googleapis.com","metadata":{"consumer":"projects/746607802051","service":"compute.googleapis.com","serviceTitle":"Compute Engine API","activationUrl":"https://console.developers.google.com/apis/api/compute.googleapis.com/overview?project=746607802051","containerInfo":"746607802051"}},{"@type":"type.googleapis.com/google.rpc.LocalizedMessage","locale":"en-US","message":"Compute Engine API has not been used in project 746607802051 before or it is disabled. Enable it by visiting https://console.developers.google.com/apis/api/compute.googleapis.com/overview?project=746607802051 then retry. If you enabled this API recently, wait a few minutes for the action to propagate to our systems and retry."},{"@type":"type.googleapis.com/google.rpc.Help","links":[{"description":"Google developers console API activation","url":"https://console.developers.google.com/apis/api/compute.googleapis.com/overview?project=746607802051"}]}]}},"response":{"statusCode":403}},"exit":1,"message":"Request to https://compute.googleapis.com/compute/v1/projects/746607802051 had HTTP Error: 403, Compute Engine API has not been used in project 746607802051 before or it is disabled. Enable it by visiting https://console.developers.google.com/apis/api/compute.googleapis.com/overview?project=746607802051 then retry. If you enabled this API recently, wait a few minutes for the action to propagate to our systems and retry.","status":403}
[debug] [2025-11-12T00:02:30.302Z] Checked if tokens are valid: true, expires at: 1762908958528
[debug] [2025-11-12T00:02:30.302Z] Checked if tokens are valid: true, expires at: 1762908958528
[debug] [2025-11-12T00:02:30.302Z] >>> [apiv2][query] POST https://cloudresourcemanager.googleapis.com/v1/projects/746607802051:getIamPolicy [none]
[debug] [2025-11-12T00:02:30.506Z] <<< [apiv2][status] POST https://cloudresourcemanager.googleapis.com/v1/projects/746607802051:getIamPolicy 200
[debug] [2025-11-12T00:02:30.506Z] <<< [apiv2][body] POST https://cloudresourcemanager.googleapis.com/v1/projects/746607802051:getIamPolicy {"version":1,"etag":"BwZDWmakYHc=","bindings":[{"role":"roles/artifactregistry.serviceAgent","members":["serviceAccount:service-746607802051@gcp-sa-artifactregistry.iam.gserviceaccount.com"]},{"role":"roles/cloudbuild.builds.builder","members":["serviceAccount:746607802051@cloudbuild.gserviceaccount.com"]},{"role":"roles/cloudbuild.serviceAgent","members":["serviceAccount:service-746607802051@gcp-sa-cloudbuild.iam.gserviceaccount.com"]},{"role":"roles/cloudfunctions.serviceAgent","members":["serviceAccount:service-746607802051@gcf-admin-robot.iam.gserviceaccount.com"]},{"role":"roles/containerregistry.ServiceAgent","members":["serviceAccount:service-746607802051@containerregistry.iam.gserviceaccount.com"]},{"role":"roles/editor","members":["serviceAccount:746607802051-compute@developer.gserviceaccount.com","serviceAccount:746607802051@cloudservices.gserviceaccount.com","serviceAccount:voltfox-b1cef@appspot.gserviceaccount.com"]},{"role":"roles/eventarc.eventReceiver","members":["serviceAccount:746607802051-compute@developer.gserviceaccount.com"]},{"role":"roles/eventarc.serviceAgent","members":["serviceAccount:service-746607802051@gcp-sa-eventarc.iam.gserviceaccount.com"]},{"role":"roles/firebase.managementServiceAgent","members":["serviceAccount:service-746607802051@gcp-sa-firebase.iam.gserviceaccount.com"]},{"role":"roles/firebase.sdkAdminServiceAgent","members":["serviceAccount:firebase-adminsdk-fbsvc@voltfox-b1cef.iam.gserviceaccount.com"]},{"role":"roles/firebaseauth.admin","members":["serviceAccount:firebase-adminsdk-fbsvc@voltfox-b1cef.iam.gserviceaccount.com"]},{"role":"roles/firebasemods.serviceAgent","members":["serviceAccount:service-746607802051@gcp-sa-firebasemods.iam.gserviceaccount.com"]},{"role":"roles/firebaserules.system","members":["serviceAccount:service-746607802051@firebase-rules.iam.gserviceaccount.com"]},{"role":"roles/firebasestorage.serviceAgent","members":["serviceAccount:service-746607802051@gcp-sa-firebasestorage.iam.gserviceaccount.com"]},{"role":"roles/firestore.serviceAgent","members":["serviceAccount:service-746607802051@gcp-sa-firestore.iam.gserviceaccount.com"]},{"role":"roles/iam.serviceAccountTokenCreator","members":["serviceAccount:firebase-adminsdk-fbsvc@voltfox-b1cef.iam.gserviceaccount.com","serviceAccount:service-746607802051@gcp-sa-pubsub.iam.gserviceaccount.com"]},{"role":"roles/owner","members":["user:eworld.ch@gmail.com"]},{"role":"roles/run.invoker","members":["serviceAccount:746607802051-compute@developer.gserviceaccount.com"]},{"role":"roles/run.serviceAgent","members":["serviceAccount:service-746607802051@serverless-robot-prod.iam.gserviceaccount.com"]},{"role":"roles/storage.admin","members":["serviceAccount:firebase-adminsdk-fbsvc@voltfox-b1cef.iam.gserviceaccount.com"]}]}
[debug] [2025-11-12T00:02:30.507Z] Checked if tokens are valid: true, expires at: 1762908958528
[debug] [2025-11-12T00:02:30.507Z] Checked if tokens are valid: true, expires at: 1762908958528
[debug] [2025-11-12T00:02:30.507Z] >>> [apiv2][query] GET https://cloudresourcemanager.googleapis.com/v1/projects/voltfox-b1cef [none]
[debug] [2025-11-12T00:02:30.989Z] <<< [apiv2][status] GET https://cloudresourcemanager.googleapis.com/v1/projects/voltfox-b1cef 200
[debug] [2025-11-12T00:02:30.989Z] <<< [apiv2][body] GET https://cloudresourcemanager.googleapis.com/v1/projects/voltfox-b1cef {"projectNumber":"746607802051","projectId":"voltfox-b1cef","lifecycleState":"ACTIVE","name":"voltfox","labels":{"firebase":"enabled","firebase-core":"disabled"},"createTime":"2025-11-11T15:01:16.879018Z"}
[debug] [2025-11-12T00:02:30.989Z] Checked if tokens are valid: true, expires at: 1762908958528
[debug] [2025-11-12T00:02:30.989Z] Checked if tokens are valid: true, expires at: 1762908958528
[debug] [2025-11-12T00:02:30.989Z] >>> [apiv2][query] GET https://compute.googleapis.com/compute/v1/projects/746607802051 [none]
[debug] [2025-11-12T00:02:31.161Z] <<< [apiv2][status] GET https://compute.googleapis.com/compute/v1/projects/746607802051 403
[debug] [2025-11-12T00:02:31.161Z] <<< [apiv2][body] GET https://compute.googleapis.com/compute/v1/projects/746607802051 {"error":{"code":403,"message":"Compute Engine API has not been used in project 746607802051 before or it is disabled. Enable it by visiting https://console.developers.google.com/apis/api/compute.googleapis.com/overview?project=746607802051 then retry. If you enabled this API recently, wait a few minutes for the action to propagate to our systems and retry.","errors":[{"message":"Compute Engine API has not been used in project 746607802051 before or it is disabled. Enable it by visiting https://console.developers.google.com/apis/api/compute.googleapis.com/overview?project=746607802051 then retry. If you enabled this API recently, wait a few minutes for the action to propagate to our systems and retry.","domain":"usageLimits","reason":"accessNotConfigured","extendedHelp":"https://console.developers.google.com"}],"status":"PERMISSION_DENIED","details":[{"@type":"type.googleapis.com/google.rpc.ErrorInfo","reason":"SERVICE_DISABLED","domain":"googleapis.com","metadata":{"activationUrl":"https://console.developers.google.com/apis/api/compute.googleapis.com/overview?project=746607802051","containerInfo":"746607802051","service":"compute.googleapis.com","serviceTitle":"Compute Engine API","consumer":"projects/746607802051"}},{"@type":"type.googleapis.com/google.rpc.LocalizedMessage","locale":"en-US","message":"Compute Engine API has not been used in project 746607802051 before or it is disabled. Enable it by visiting https://console.developers.google.com/apis/api/compute.googleapis.com/overview?project=746607802051 then retry. If you enabled this API recently, wait a few minutes for the action to propagate to our systems and retry."},{"@type":"type.googleapis.com/google.rpc.Help","links":[{"description":"Google developers console API activation","url":"https://console.developers.google.com/apis/api/compute.googleapis.com/overview?project=746607802051"}]}]}}
[debug] [2025-11-12T00:02:31.161Z] unable to look up default compute service account. Falling back to 746607802051-compute@developer.gserviceaccount.com. Error: {"name":"FirebaseError","children":[],"context":{"body":{"error":{"code":403,"message":"Compute Engine API has not been used in project 746607802051 before or it is disabled. Enable it by visiting https://console.developers.google.com/apis/api/compute.googleapis.com/overview?project=746607802051 then retry. If you enabled this API recently, wait a few minutes for the action to propagate to our systems and retry.","errors":[{"message":"Compute Engine API has not been used in project 746607802051 before or it is disabled. Enable it by visiting https://console.developers.google.com/apis/api/compute.googleapis.com/overview?project=746607802051 then retry. If you enabled this API recently, wait a few minutes for the action to propagate to our systems and retry.","domain":"usageLimits","reason":"accessNotConfigured","extendedHelp":"https://console.developers.google.com"}],"status":"PERMISSION_DENIED","details":[{"@type":"type.googleapis.com/google.rpc.ErrorInfo","reason":"SERVICE_DISABLED","domain":"googleapis.com","metadata":{"activationUrl":"https://console.developers.google.com/apis/api/compute.googleapis.com/overview?project=746607802051","containerInfo":"746607802051","service":"compute.googleapis.com","serviceTitle":"Compute Engine API","consumer":"projects/746607802051"}},{"@type":"type.googleapis.com/google.rpc.LocalizedMessage","locale":"en-US","message":"Compute Engine API has not been used in project 746607802051 before or it is disabled. Enable it by visiting https://console.developers.google.com/apis/api/compute.googleapis.com/overview?project=746607802051 then retry. If you enabled this API recently, wait a few minutes for the action to propagate to our systems and retry."},{"@type":"type.googleapis.com/google.rpc.Help","links":[{"description":"Google developers console API activation","url":"https://console.developers.google.com/apis/api/compute.googleapis.com/overview?project=746607802051"}]}]}},"response":{"statusCode":403}},"exit":1,"message":"Request to https://compute.googleapis.com/compute/v1/projects/746607802051 had HTTP Error: 403, Compute Engine API has not been used in project 746607802051 before or it is disabled. Enable it by visiting https://console.developers.google.com/apis/api/compute.googleapis.com/overview?project=746607802051 then retry. If you enabled this API recently, wait a few minutes for the action to propagate to our systems and retry.","status":403}
[debug] [2025-11-12T00:02:31.162Z] Checked if tokens are valid: true, expires at: 1762908958528
[debug] [2025-11-12T00:02:31.162Z] Checked if tokens are valid: true, expires at: 1762908958528
[debug] [2025-11-12T00:02:31.162Z] >>> [apiv2][query] GET https://compute.googleapis.com/compute/v1/projects/746607802051 [none]
[debug] [2025-11-12T00:02:31.334Z] <<< [apiv2][status] GET https://compute.googleapis.com/compute/v1/projects/746607802051 403
[debug] [2025-11-12T00:02:31.334Z] <<< [apiv2][body] GET https://compute.googleapis.com/compute/v1/projects/746607802051 {"error":{"code":403,"message":"Compute Engine API has not been used in project 746607802051 before or it is disabled. Enable it by visiting https://console.developers.google.com/apis/api/compute.googleapis.com/overview?project=746607802051 then retry. If you enabled this API recently, wait a few minutes for the action to propagate to our systems and retry.","errors":[{"message":"Compute Engine API has not been used in project 746607802051 before or it is disabled. Enable it by visiting https://console.developers.google.com/apis/api/compute.googleapis.com/overview?project=746607802051 then retry. If you enabled this API recently, wait a few minutes for the action to propagate to our systems and retry.","domain":"usageLimits","reason":"accessNotConfigured","extendedHelp":"https://console.developers.google.com"}],"status":"PERMISSION_DENIED","details":[{"@type":"type.googleapis.com/google.rpc.ErrorInfo","reason":"SERVICE_DISABLED","domain":"googleapis.com","metadata":{"activationUrl":"https://console.developers.google.com/apis/api/compute.googleapis.com/overview?project=746607802051","serviceTitle":"Compute Engine API","consumer":"projects/746607802051","containerInfo":"746607802051","service":"compute.googleapis.com"}},{"@type":"type.googleapis.com/google.rpc.LocalizedMessage","locale":"en-US","message":"Compute Engine API has not been used in project 746607802051 before or it is disabled. Enable it by visiting https://console.developers.google.com/apis/api/compute.googleapis.com/overview?project=746607802051 then retry. If you enabled this API recently, wait a few minutes for the action to propagate to our systems and retry."},{"@type":"type.googleapis.com/google.rpc.Help","links":[{"description":"Google developers console API activation","url":"https://console.developers.google.com/apis/api/compute.googleapis.com/overview?project=746607802051"}]}]}}
[debug] [2025-11-12T00:02:31.334Z] unable to look up default compute service account. Falling back to 746607802051-compute@developer.gserviceaccount.com. Error: {"name":"FirebaseError","children":[],"context":{"body":{"error":{"code":403,"message":"Compute Engine API has not been used in project 746607802051 before or it is disabled. Enable it by visiting https://console.developers.google.com/apis/api/compute.googleapis.com/overview?project=746607802051 then retry. If you enabled this API recently, wait a few minutes for the action to propagate to our systems and retry.","errors":[{"message":"Compute Engine API has not been used in project 746607802051 before or it is disabled. Enable it by visiting https://console.developers.google.com/apis/api/compute.googleapis.com/overview?project=746607802051 then retry. If you enabled this API recently, wait a few minutes for the action to propagate to our systems and retry.","domain":"usageLimits","reason":"accessNotConfigured","extendedHelp":"https://console.developers.google.com"}],"status":"PERMISSION_DENIED","details":[{"@type":"type.googleapis.com/google.rpc.ErrorInfo","reason":"SERVICE_DISABLED","domain":"googleapis.com","metadata":{"activationUrl":"https://console.developers.google.com/apis/api/compute.googleapis.com/overview?project=746607802051","serviceTitle":"Compute Engine API","consumer":"projects/746607802051","containerInfo":"746607802051","service":"compute.googleapis.com"}},{"@type":"type.googleapis.com/google.rpc.LocalizedMessage","locale":"en-US","message":"Compute Engine API has not been used in project 746607802051 before or it is disabled. Enable it by visiting https://console.developers.google.com/apis/api/compute.googleapis.com/overview?project=746607802051 then retry. If you enabled this API recently, wait a few minutes for the action to propagate to our systems and retry."},{"@type":"type.googleapis.com/google.rpc.Help","links":[{"description":"Google developers console API activation","url":"https://console.developers.google.com/apis/api/compute.googleapis.com/overview?project=746607802051"}]}]}},"response":{"statusCode":403}},"exit":1,"message":"Request to https://compute.googleapis.com/compute/v1/projects/746607802051 had HTTP Error: 403, Compute Engine API has not been used in project 746607802051 before or it is disabled. Enable it by visiting https://console.developers.google.com/apis/api/compute.googleapis.com/overview?project=746607802051 then retry. If you enabled this API recently, wait a few minutes for the action to propagate to our systems and retry.","status":403}
[info] i  functions: ensuring 746607802051-compute@developer.gserviceaccount.com access to secret RESEND_API_KEY. 
[debug] [2025-11-12T00:02:31.334Z] Checked if tokens are valid: true, expires at: 1762908958528
[debug] [2025-11-12T00:02:31.334Z] Checked if tokens are valid: true, expires at: 1762908958528
[debug] [2025-11-12T00:02:31.335Z] >>> [apiv2][query] GET https://secretmanager.googleapis.com/v1/projects/voltfox-b1cef/secrets/RESEND_API_KEY:getIamPolicy [none]
[debug] [2025-11-12T00:02:31.695Z] <<< [apiv2][status] GET https://secretmanager.googleapis.com/v1/projects/voltfox-b1cef/secrets/RESEND_API_KEY:getIamPolicy 200
[debug] [2025-11-12T00:02:31.695Z] <<< [apiv2][body] GET https://secretmanager.googleapis.com/v1/projects/voltfox-b1cef/secrets/RESEND_API_KEY:getIamPolicy {"version":1,"etag":"BwZDWmZZYbA=","bindings":[{"role":"roles/secretmanager.secretAccessor","members":["serviceAccount:746607802051-compute@developer.gserviceaccount.com"]}]}
[info] ✔  secretmanager: Granted roles/secretmanager.secretAccessor on projects/voltfox-b1cef/secrets/RESEND_API_KEY to 746607802051-compute@developer.gserviceaccount.com 
[info] ✔  functions: ensured 746607802051-compute@developer.gserviceaccount.com access to RESEND_API_KEY. 
[debug] [2025-11-12T00:02:31.696Z] Checked if tokens are valid: true, expires at: 1762908958528
[debug] [2025-11-12T00:02:31.696Z] Checked if tokens are valid: true, expires at: 1762908958528
[debug] [2025-11-12T00:02:31.696Z] >>> [apiv2][query] GET https://cloudbilling.googleapis.com/v1/projects/voltfox-b1cef/billingInfo [none]
[debug] [2025-11-12T00:02:32.369Z] <<< [apiv2][status] GET https://cloudbilling.googleapis.com/v1/projects/voltfox-b1cef/billingInfo 200
[debug] [2025-11-12T00:02:32.369Z] <<< [apiv2][body] GET https://cloudbilling.googleapis.com/v1/projects/voltfox-b1cef/billingInfo {"name":"projects/voltfox-b1cef/billingInfo","projectId":"voltfox-b1cef","billingAccountName":"billingAccounts/013EF1-037497-29A5C9","billingEnabled":true}
[debug] [2025-11-12T00:02:32.370Z] Checked if tokens are valid: true, expires at: 1762908958528
[debug] [2025-11-12T00:02:32.370Z] Checked if tokens are valid: true, expires at: 1762908958528
[debug] [2025-11-12T00:02:32.370Z] >>> [apiv2][query] POST https://cloudfunctions.googleapis.com/v2/projects/voltfox-b1cef/locations/us-central1/functions:generateUploadUrl [none]
[debug] [2025-11-12T00:02:33.137Z] <<< [apiv2][status] POST https://cloudfunctions.googleapis.com/v2/projects/voltfox-b1cef/locations/us-central1/functions:generateUploadUrl 200
[debug] [2025-11-12T00:02:33.137Z] <<< [apiv2][body] POST https://cloudfunctions.googleapis.com/v2/projects/voltfox-b1cef/locations/us-central1/functions:generateUploadUrl {"uploadUrl":"https://storage.googleapis.com/gcf-v2-uploads-746607802051.us-central1.cloudfunctions.appspot.com/9d1c52cc-23bc-4f49-bb77-17567ae27346.zip?GoogleAccessId=service-746607802051@gcf-admin-robot.iam.gserviceaccount.com&Expires=1762907553&Signature=LZvCrYEO58AuSPt72b3JlFtxHKn9xjOc92FwMiKgrTaqSlPDdPjBFl9aFTmysjZqx4Hnzek0ULGusS6niVGL5Fbfb33kk%2FWoFDLnqEXdj9D%2BuOPU3IoqVrHo8pBVxJSpZgYLLP5v%2Blyc2753ESAtjQycqrnCQZxXFsPSZaJGsIRI%2Fd8AqguqGDbjGD2v4add1fPl68QLxbhBSr%2BOFPJMlc03ppynZCnqgJV4wwmpetHdzSNVXzk8un%2BcEh2D77y8vEoloRF7UVkWt2nJ9VAQsFlw%2FJt1PXMwKIVmBXp1kDGX7ehNAEwvl%2BdoUcMxDG3irxi4DPYIjJTis4GOA5mrCw%3D%3D","storageSource":{"bucket":"gcf-v2-uploads-746607802051.us-central1.cloudfunctions.appspot.com","object":"9d1c52cc-23bc-4f49-bb77-17567ae27346.zip"}}
[debug] [2025-11-12T00:02:33.137Z] >>> [apiv2][query] PUT https://storage.googleapis.com/gcf-v2-uploads-746607802051.us-central1.cloudfunctions.appspot.com/9d1c52cc-23bc-4f49-bb77-17567ae27346.zip GoogleAccessId=service-746607802051%40gcf-admin-robot.iam.gserviceaccount.com&Expires=1762907553&Signature=LZvCrYEO58AuSPt72b3JlFtxHKn9xjOc92FwMiKgrTaqSlPDdPjBFl9aFTmysjZqx4Hnzek0ULGusS6niVGL5Fbfb33kk%2FWoFDLnqEXdj9D%2BuOPU3IoqVrHo8pBVxJSpZgYLLP5v%2Blyc2753ESAtjQycqrnCQZxXFsPSZaJGsIRI%2Fd8AqguqGDbjGD2v4add1fPl68QLxbhBSr%2BOFPJMlc03ppynZCnqgJV4wwmpetHdzSNVXzk8un%2BcEh2D77y8vEoloRF7UVkWt2nJ9VAQsFlw%2FJt1PXMwKIVmBXp1kDGX7ehNAEwvl%2BdoUcMxDG3irxi4DPYIjJTis4GOA5mrCw%3D%3D
[debug] [2025-11-12T00:02:33.137Z] >>> [apiv2][body] PUT https://storage.googleapis.com/gcf-v2-uploads-746607802051.us-central1.cloudfunctions.appspot.com/9d1c52cc-23bc-4f49-bb77-17567ae27346.zip [stream]
[debug] [2025-11-12T00:02:34.109Z] <<< [apiv2][status] PUT https://storage.googleapis.com/gcf-v2-uploads-746607802051.us-central1.cloudfunctions.appspot.com/9d1c52cc-23bc-4f49-bb77-17567ae27346.zip 200
[debug] [2025-11-12T00:02:34.109Z] <<< [apiv2][body] PUT https://storage.googleapis.com/gcf-v2-uploads-746607802051.us-central1.cloudfunctions.appspot.com/9d1c52cc-23bc-4f49-bb77-17567ae27346.zip [omitted]
[info] ✔  functions: functions source uploaded successfully 
[info] i  functions: creating Node.js 20 (2nd Gen) function onDeviceStatusChange(us-central1)... 
[debug] [2025-11-12T00:02:34.112Z] Checked if tokens are valid: true, expires at: 1762908958528
[debug] [2025-11-12T00:02:34.112Z] Checked if tokens are valid: true, expires at: 1762908958528
[debug] [2025-11-12T00:02:34.112Z] >>> [apiv2][query] POST https://cloudfunctions.googleapis.com/v2/projects/voltfox-b1cef/locations/us-central1/functions functionId=onDeviceStatusChange
[debug] [2025-11-12T00:02:34.112Z] >>> [apiv2][body] POST https://cloudfunctions.googleapis.com/v2/projects/voltfox-b1cef/locations/us-central1/functions {"name":"projects/voltfox-b1cef/locations/us-central1/functions/onDeviceStatusChange","buildConfig":{"runtime":"nodejs20","entryPoint":"onDeviceStatusChange","source":{"storageSource":{"bucket":"gcf-v2-uploads-746607802051.us-central1.cloudfunctions.appspot.com","object":"9d1c52cc-23bc-4f49-bb77-17567ae27346.zip"}},"environmentVariables":{"GOOGLE_NODE_RUN_SCRIPTS":""}},"serviceConfig":{"environmentVariables":{"FIREBASE_CONFIG":"{\"projectId\":\"voltfox-b1cef\",\"storageBucket\":\"voltfox-b1cef.firebasestorage.app\"}","GCLOUD_PROJECT":"voltfox-b1cef","EVENTARC_CLOUD_EVENT_SOURCE":"projects/voltfox-b1cef/locations/us-central1/services/onDeviceStatusChange","FUNCTION_SIGNATURE_TYPE":"cloudevent","FUNCTION_TARGET":"onDeviceStatusChange","LOG_EXECUTION_ID":"true"},"secretEnvironmentVariables":[{"key":"RESEND_API_KEY","secret":"RESEND_API_KEY","projectId":"voltfox-b1cef","version":"1"}],"ingressSettings":null,"timeoutSeconds":null,"serviceAccountEmail":null,"availableMemory":"256Mi","minInstanceCount":null,"maxInstanceCount":null,"maxInstanceRequestConcurrency":80,"availableCpu":"1","vpcConnector":null,"vpcConnectorEgressSettings":null},"labels":{"deployment-tool":"cli-firebase","firebase-functions-hash":"3777c2666aa278c4fedf787ad71773a323abb4cb"},"eventTrigger":{"eventType":"google.cloud.firestore.document.v1.updated","retryPolicy":"RETRY_POLICY_DO_NOT_RETRY","eventFilters":[{"attribute":"database","value":"(default)"},{"attribute":"namespace","value":"(default)"},{"attribute":"document","value":"users/{userId}/devices/{deviceId}","operator":"match-path-pattern"}],"triggerRegion":"eur3"}}
[debug] [2025-11-12T00:02:36.205Z] <<< [apiv2][status] POST https://cloudfunctions.googleapis.com/v2/projects/voltfox-b1cef/locations/us-central1/functions 200
[debug] [2025-11-12T00:02:36.206Z] <<< [apiv2][body] POST https://cloudfunctions.googleapis.com/v2/projects/voltfox-b1cef/locations/us-central1/functions {"name":"projects/voltfox-b1cef/locations/us-central1/operations/operation-1762905754762-6435a7b48fbfa-f69aefaa-35ec2315","metadata":{"@type":"type.googleapis.com/google.cloud.functions.v2.OperationMetadata","createTime":"2025-11-12T00:02:36.122881799Z","target":"projects/voltfox-b1cef/locations/us-central1/functions/onDeviceStatusChange","verb":"create","cancelRequested":false,"apiVersion":"v2"},"done":false}
[debug] [2025-11-12T00:02:36.206Z] Checked if tokens are valid: true, expires at: 1762908958528
[debug] [2025-11-12T00:02:36.206Z] Checked if tokens are valid: true, expires at: 1762908958528
[debug] [2025-11-12T00:02:36.207Z] >>> [apiv2][query] GET https://cloudfunctions.googleapis.com/v2/projects/voltfox-b1cef/locations/us-central1/operations/operation-1762905754762-6435a7b48fbfa-f69aefaa-35ec2315 [none]
[debug] [2025-11-12T00:02:36.899Z] <<< [apiv2][status] GET https://cloudfunctions.googleapis.com/v2/projects/voltfox-b1cef/locations/us-central1/operations/operation-1762905754762-6435a7b48fbfa-f69aefaa-35ec2315 200
[debug] [2025-11-12T00:02:36.899Z] <<< [apiv2][body] GET https://cloudfunctions.googleapis.com/v2/projects/voltfox-b1cef/locations/us-central1/operations/operation-1762905754762-6435a7b48fbfa-f69aefaa-35ec2315 {"name":"projects/voltfox-b1cef/locations/us-central1/operations/operation-1762905754762-6435a7b48fbfa-f69aefaa-35ec2315","metadata":{"@type":"type.googleapis.com/google.cloud.functions.v2.OperationMetadata","createTime":"2025-11-12T00:02:36.122881799Z","target":"projects/voltfox-b1cef/locations/us-central1/functions/onDeviceStatusChange","verb":"create","cancelRequested":false,"apiVersion":"v2","requestResource":{"@type":"type.googleapis.com/google.cloud.functions.v2.Function","name":"projects/voltfox-b1cef/locations/us-central1/functions/onDeviceStatusChange","buildConfig":{"runtime":"nodejs20","entryPoint":"onDeviceStatusChange","source":{"storageSource":{"bucket":"gcf-v2-sources-746607802051-us-central1","object":"onDeviceStatusChange/function-source.zip","generation":"1762905755012287"}},"environmentVariables":{"GOOGLE_NODE_RUN_SCRIPTS":""},"serviceAccount":"projects/voltfox-b1cef/serviceAccounts/746607802051-compute@developer.gserviceaccount.com","automaticUpdatePolicy":{}},"serviceConfig":{"service":"projects/voltfox-b1cef/locations/us-central1/services/ondevicestatuschange","timeoutSeconds":60,"environmentVariables":{"FIREBASE_CONFIG":"{\"projectId\":\"voltfox-b1cef\",\"storageBucket\":\"voltfox-b1cef.firebasestorage.app\"}","GCLOUD_PROJECT":"voltfox-b1cef","EVENTARC_CLOUD_EVENT_SOURCE":"projects/voltfox-b1cef/locations/us-central1/services/onDeviceStatusChange","FUNCTION_SIGNATURE_TYPE":"cloudevent","FUNCTION_TARGET":"onDeviceStatusChange","LOG_EXECUTION_ID":"true"},"ingressSettings":"ALLOW_ALL","serviceAccountEmail":"746607802051-compute@developer.gserviceaccount.com","availableMemory":"256Mi","secretEnvironmentVariables":[{"key":"RESEND_API_KEY","projectId":"voltfox-b1cef","secret":"RESEND_API_KEY","version":"1"}],"maxInstanceRequestConcurrency":80,"availableCpu":"1"},"eventTrigger":{"trigger":"projects/voltfox-b1cef/locations/eur3/triggers/ondevicestatuschange-422822","triggerRegion":"eur3","eventType":"google.cloud.firestore.document.v1.updated","eventFilters":[{"attribute":"database","value":"(default)"},{"attribute":"namespace","value":"(default)"},{"attribute":"document","value":"users/{userId}/devices/{deviceId}","operator":"match-path-pattern"}],"serviceAccountEmail":"746607802051-compute@developer.gserviceaccount.com","retryPolicy":"RETRY_POLICY_DO_NOT_RETRY"},"labels":{"deployment-tool":"cli-firebase","firebase-functions-hash":"3777c2666aa278c4fedf787ad71773a323abb4cb"},"environment":"GEN_2"},"stages":[{"name":"BUILD","state":"NOT_STARTED"},{"name":"SERVICE","state":"NOT_STARTED"},{"name":"TRIGGER","state":"NOT_STARTED"}],"operationType":"CREATE_FUNCTION"},"done":false}
[debug] [2025-11-12T00:02:37.400Z] [create-default-us-central1-onDeviceStatusChange] Retrying task index 0
[debug] [2025-11-12T00:02:37.401Z] Checked if tokens are valid: true, expires at: 1762908958528
[debug] [2025-11-12T00:02:37.401Z] Checked if tokens are valid: true, expires at: 1762908958528
[debug] [2025-11-12T00:02:37.401Z] >>> [apiv2][query] GET https://cloudfunctions.googleapis.com/v2/projects/voltfox-b1cef/locations/us-central1/operations/operation-1762905754762-6435a7b48fbfa-f69aefaa-35ec2315 [none]
[debug] [2025-11-12T00:02:38.089Z] <<< [apiv2][status] GET https://cloudfunctions.googleapis.com/v2/projects/voltfox-b1cef/locations/us-central1/operations/operation-1762905754762-6435a7b48fbfa-f69aefaa-35ec2315 200
[debug] [2025-11-12T00:02:38.090Z] <<< [apiv2][body] GET https://cloudfunctions.googleapis.com/v2/projects/voltfox-b1cef/locations/us-central1/operations/operation-1762905754762-6435a7b48fbfa-f69aefaa-35ec2315 {"name":"projects/voltfox-b1cef/locations/us-central1/operations/operation-1762905754762-6435a7b48fbfa-f69aefaa-35ec2315","metadata":{"@type":"type.googleapis.com/google.cloud.functions.v2.OperationMetadata","createTime":"2025-11-12T00:02:36.122881799Z","target":"projects/voltfox-b1cef/locations/us-central1/functions/onDeviceStatusChange","verb":"create","cancelRequested":false,"apiVersion":"v2","requestResource":{"@type":"type.googleapis.com/google.cloud.functions.v2.Function","name":"projects/voltfox-b1cef/locations/us-central1/functions/onDeviceStatusChange","buildConfig":{"runtime":"nodejs20","entryPoint":"onDeviceStatusChange","source":{"storageSource":{"bucket":"gcf-v2-sources-746607802051-us-central1","object":"onDeviceStatusChange/function-source.zip","generation":"1762905755012287"}},"environmentVariables":{"GOOGLE_NODE_RUN_SCRIPTS":""},"serviceAccount":"projects/voltfox-b1cef/serviceAccounts/746607802051-compute@developer.gserviceaccount.com","automaticUpdatePolicy":{}},"serviceConfig":{"service":"projects/voltfox-b1cef/locations/us-central1/services/ondevicestatuschange","timeoutSeconds":60,"environmentVariables":{"FIREBASE_CONFIG":"{\"projectId\":\"voltfox-b1cef\",\"storageBucket\":\"voltfox-b1cef.firebasestorage.app\"}","GCLOUD_PROJECT":"voltfox-b1cef","EVENTARC_CLOUD_EVENT_SOURCE":"projects/voltfox-b1cef/locations/us-central1/services/onDeviceStatusChange","FUNCTION_SIGNATURE_TYPE":"cloudevent","FUNCTION_TARGET":"onDeviceStatusChange","LOG_EXECUTION_ID":"true"},"ingressSettings":"ALLOW_ALL","serviceAccountEmail":"746607802051-compute@developer.gserviceaccount.com","availableMemory":"256Mi","secretEnvironmentVariables":[{"key":"RESEND_API_KEY","projectId":"voltfox-b1cef","secret":"RESEND_API_KEY","version":"1"}],"maxInstanceRequestConcurrency":80,"availableCpu":"1"},"eventTrigger":{"trigger":"projects/voltfox-b1cef/locations/eur3/triggers/ondevicestatuschange-422822","triggerRegion":"eur3","eventType":"google.cloud.firestore.document.v1.updated","eventFilters":[{"attribute":"database","value":"(default)"},{"attribute":"namespace","value":"(default)"},{"attribute":"document","value":"users/{userId}/devices/{deviceId}","operator":"match-path-pattern"}],"serviceAccountEmail":"746607802051-compute@developer.gserviceaccount.com","retryPolicy":"RETRY_POLICY_DO_NOT_RETRY"},"labels":{"deployment-tool":"cli-firebase","firebase-functions-hash":"3777c2666aa278c4fedf787ad71773a323abb4cb"},"environment":"GEN_2"},"stages":[{"name":"BUILD","message":"Build in progress","state":"IN_PROGRESS","resource":"projects/746607802051/locations/us-central1/builds/2303f632-84e3-434c-b483-1afc152dbdd9","resourceUri":"https://console.cloud.google.com/cloud-build/builds;region=us-central1/2303f632-84e3-434c-b483-1afc152dbdd9?project=746607802051"},{"name":"SERVICE","state":"NOT_STARTED"},{"name":"TRIGGER","state":"NOT_STARTED"}],"operationType":"CREATE_FUNCTION","buildName":"projects/746607802051/locations/us-central1/builds/2303f632-84e3-434c-b483-1afc152dbdd9"},"done":false}
[debug] [2025-11-12T00:02:39.090Z] [create-default-us-central1-onDeviceStatusChange] Retrying task index 0
[debug] [2025-11-12T00:02:39.090Z] Checked if tokens are valid: true, expires at: 1762908958528
[debug] [2025-11-12T00:02:39.090Z] Checked if tokens are valid: true, expires at: 1762908958528
[debug] [2025-11-12T00:02:39.090Z] >>> [apiv2][query] GET https://cloudfunctions.googleapis.com/v2/projects/voltfox-b1cef/locations/us-central1/operations/operation-1762905754762-6435a7b48fbfa-f69aefaa-35ec2315 [none]
[debug] [2025-11-12T00:02:39.797Z] <<< [apiv2][status] GET https://cloudfunctions.googleapis.com/v2/projects/voltfox-b1cef/locations/us-central1/operations/operation-1762905754762-6435a7b48fbfa-f69aefaa-35ec2315 200
[debug] [2025-11-12T00:02:39.797Z] <<< [apiv2][body] GET https://cloudfunctions.googleapis.com/v2/projects/voltfox-b1cef/locations/us-central1/operations/operation-1762905754762-6435a7b48fbfa-f69aefaa-35ec2315 {"name":"projects/voltfox-b1cef/locations/us-central1/operations/operation-1762905754762-6435a7b48fbfa-f69aefaa-35ec2315","metadata":{"@type":"type.googleapis.com/google.cloud.functions.v2.OperationMetadata","createTime":"2025-11-12T00:02:36.122881799Z","target":"projects/voltfox-b1cef/locations/us-central1/functions/onDeviceStatusChange","verb":"create","cancelRequested":false,"apiVersion":"v2","requestResource":{"@type":"type.googleapis.com/google.cloud.functions.v2.Function","name":"projects/voltfox-b1cef/locations/us-central1/functions/onDeviceStatusChange","buildConfig":{"runtime":"nodejs20","entryPoint":"onDeviceStatusChange","source":{"storageSource":{"bucket":"gcf-v2-sources-746607802051-us-central1","object":"onDeviceStatusChange/function-source.zip","generation":"1762905755012287"}},"environmentVariables":{"GOOGLE_NODE_RUN_SCRIPTS":""},"serviceAccount":"projects/voltfox-b1cef/serviceAccounts/746607802051-compute@developer.gserviceaccount.com","automaticUpdatePolicy":{}},"serviceConfig":{"service":"projects/voltfox-b1cef/locations/us-central1/services/ondevicestatuschange","timeoutSeconds":60,"environmentVariables":{"FIREBASE_CONFIG":"{\"projectId\":\"voltfox-b1cef\",\"storageBucket\":\"voltfox-b1cef.firebasestorage.app\"}","GCLOUD_PROJECT":"voltfox-b1cef","EVENTARC_CLOUD_EVENT_SOURCE":"projects/voltfox-b1cef/locations/us-central1/services/onDeviceStatusChange","FUNCTION_SIGNATURE_TYPE":"cloudevent","FUNCTION_TARGET":"onDeviceStatusChange","LOG_EXECUTION_ID":"true"},"ingressSettings":"ALLOW_ALL","serviceAccountEmail":"746607802051-compute@developer.gserviceaccount.com","availableMemory":"256Mi","secretEnvironmentVariables":[{"key":"RESEND_API_KEY","projectId":"voltfox-b1cef","secret":"RESEND_API_KEY","version":"1"}],"maxInstanceRequestConcurrency":80,"availableCpu":"1"},"eventTrigger":{"trigger":"projects/voltfox-b1cef/locations/eur3/triggers/ondevicestatuschange-422822","triggerRegion":"eur3","eventType":"google.cloud.firestore.document.v1.updated","eventFilters":[{"attribute":"database","value":"(default)"},{"attribute":"namespace","value":"(default)"},{"attribute":"document","value":"users/{userId}/devices/{deviceId}","operator":"match-path-pattern"}],"serviceAccountEmail":"746607802051-compute@developer.gserviceaccount.com","retryPolicy":"RETRY_POLICY_DO_NOT_RETRY"},"labels":{"deployment-tool":"cli-firebase","firebase-functions-hash":"3777c2666aa278c4fedf787ad71773a323abb4cb"},"environment":"GEN_2"},"stages":[{"name":"BUILD","message":"Build in progress","state":"IN_PROGRESS","resource":"projects/746607802051/locations/us-central1/builds/2303f632-84e3-434c-b483-1afc152dbdd9","resourceUri":"https://console.cloud.google.com/cloud-build/builds;region=us-central1/2303f632-84e3-434c-b483-1afc152dbdd9?project=746607802051"},{"name":"SERVICE","state":"NOT_STARTED"},{"name":"TRIGGER","state":"NOT_STARTED"}],"operationType":"CREATE_FUNCTION","buildName":"projects/746607802051/locations/us-central1/builds/2303f632-84e3-434c-b483-1afc152dbdd9"},"done":false}
[debug] [2025-11-12T00:02:41.798Z] [create-default-us-central1-onDeviceStatusChange] Retrying task index 0
[debug] [2025-11-12T00:02:41.799Z] Checked if tokens are valid: true, expires at: 1762908958528
[debug] [2025-11-12T00:02:41.799Z] Checked if tokens are valid: true, expires at: 1762908958528
[debug] [2025-11-12T00:02:41.799Z] >>> [apiv2][query] GET https://cloudfunctions.googleapis.com/v2/projects/voltfox-b1cef/locations/us-central1/operations/operation-1762905754762-6435a7b48fbfa-f69aefaa-35ec2315 [none]
[debug] [2025-11-12T00:02:42.570Z] <<< [apiv2][status] GET https://cloudfunctions.googleapis.com/v2/projects/voltfox-b1cef/locations/us-central1/operations/operation-1762905754762-6435a7b48fbfa-f69aefaa-35ec2315 200
[debug] [2025-11-12T00:02:42.570Z] <<< [apiv2][body] GET https://cloudfunctions.googleapis.com/v2/projects/voltfox-b1cef/locations/us-central1/operations/operation-1762905754762-6435a7b48fbfa-f69aefaa-35ec2315 {"name":"projects/voltfox-b1cef/locations/us-central1/operations/operation-1762905754762-6435a7b48fbfa-f69aefaa-35ec2315","metadata":{"@type":"type.googleapis.com/google.cloud.functions.v2.OperationMetadata","createTime":"2025-11-12T00:02:36.122881799Z","target":"projects/voltfox-b1cef/locations/us-central1/functions/onDeviceStatusChange","verb":"create","cancelRequested":false,"apiVersion":"v2","requestResource":{"@type":"type.googleapis.com/google.cloud.functions.v2.Function","name":"projects/voltfox-b1cef/locations/us-central1/functions/onDeviceStatusChange","buildConfig":{"runtime":"nodejs20","entryPoint":"onDeviceStatusChange","source":{"storageSource":{"bucket":"gcf-v2-sources-746607802051-us-central1","object":"onDeviceStatusChange/function-source.zip","generation":"1762905755012287"}},"environmentVariables":{"GOOGLE_NODE_RUN_SCRIPTS":""},"serviceAccount":"projects/voltfox-b1cef/serviceAccounts/746607802051-compute@developer.gserviceaccount.com","automaticUpdatePolicy":{}},"serviceConfig":{"service":"projects/voltfox-b1cef/locations/us-central1/services/ondevicestatuschange","timeoutSeconds":60,"environmentVariables":{"FIREBASE_CONFIG":"{\"projectId\":\"voltfox-b1cef\",\"storageBucket\":\"voltfox-b1cef.firebasestorage.app\"}","GCLOUD_PROJECT":"voltfox-b1cef","EVENTARC_CLOUD_EVENT_SOURCE":"projects/voltfox-b1cef/locations/us-central1/services/onDeviceStatusChange","FUNCTION_SIGNATURE_TYPE":"cloudevent","FUNCTION_TARGET":"onDeviceStatusChange","LOG_EXECUTION_ID":"true"},"ingressSettings":"ALLOW_ALL","serviceAccountEmail":"746607802051-compute@developer.gserviceaccount.com","availableMemory":"256Mi","secretEnvironmentVariables":[{"key":"RESEND_API_KEY","projectId":"voltfox-b1cef","secret":"RESEND_API_KEY","version":"1"}],"maxInstanceRequestConcurrency":80,"availableCpu":"1"},"eventTrigger":{"trigger":"projects/voltfox-b1cef/locations/eur3/triggers/ondevicestatuschange-422822","triggerRegion":"eur3","eventType":"google.cloud.firestore.document.v1.updated","eventFilters":[{"attribute":"database","value":"(default)"},{"attribute":"namespace","value":"(default)"},{"attribute":"document","value":"users/{userId}/devices/{deviceId}","operator":"match-path-pattern"}],"serviceAccountEmail":"746607802051-compute@developer.gserviceaccount.com","retryPolicy":"RETRY_POLICY_DO_NOT_RETRY"},"labels":{"deployment-tool":"cli-firebase","firebase-functions-hash":"3777c2666aa278c4fedf787ad71773a323abb4cb"},"environment":"GEN_2"},"stages":[{"name":"BUILD","message":"Build in progress","state":"IN_PROGRESS","resource":"projects/746607802051/locations/us-central1/builds/2303f632-84e3-434c-b483-1afc152dbdd9","resourceUri":"https://console.cloud.google.com/cloud-build/builds;region=us-central1/2303f632-84e3-434c-b483-1afc152dbdd9?project=746607802051"},{"name":"SERVICE","state":"NOT_STARTED"},{"name":"TRIGGER","state":"NOT_STARTED"}],"operationType":"CREATE_FUNCTION","buildName":"projects/746607802051/locations/us-central1/builds/2303f632-84e3-434c-b483-1afc152dbdd9"},"done":false}
[debug] [2025-11-12T00:02:46.571Z] [create-default-us-central1-onDeviceStatusChange] Retrying task index 0
[debug] [2025-11-12T00:02:46.571Z] Checked if tokens are valid: true, expires at: 1762908958528
[debug] [2025-11-12T00:02:46.571Z] Checked if tokens are valid: true, expires at: 1762908958528
[debug] [2025-11-12T00:02:46.572Z] >>> [apiv2][query] GET https://cloudfunctions.googleapis.com/v2/projects/voltfox-b1cef/locations/us-central1/operations/operation-1762905754762-6435a7b48fbfa-f69aefaa-35ec2315 [none]
[debug] [2025-11-12T00:02:47.286Z] <<< [apiv2][status] GET https://cloudfunctions.googleapis.com/v2/projects/voltfox-b1cef/locations/us-central1/operations/operation-1762905754762-6435a7b48fbfa-f69aefaa-35ec2315 200
[debug] [2025-11-12T00:02:47.286Z] <<< [apiv2][body] GET https://cloudfunctions.googleapis.com/v2/projects/voltfox-b1cef/locations/us-central1/operations/operation-1762905754762-6435a7b48fbfa-f69aefaa-35ec2315 {"name":"projects/voltfox-b1cef/locations/us-central1/operations/operation-1762905754762-6435a7b48fbfa-f69aefaa-35ec2315","metadata":{"@type":"type.googleapis.com/google.cloud.functions.v2.OperationMetadata","createTime":"2025-11-12T00:02:36.122881799Z","target":"projects/voltfox-b1cef/locations/us-central1/functions/onDeviceStatusChange","verb":"create","cancelRequested":false,"apiVersion":"v2","requestResource":{"@type":"type.googleapis.com/google.cloud.functions.v2.Function","name":"projects/voltfox-b1cef/locations/us-central1/functions/onDeviceStatusChange","buildConfig":{"runtime":"nodejs20","entryPoint":"onDeviceStatusChange","source":{"storageSource":{"bucket":"gcf-v2-sources-746607802051-us-central1","object":"onDeviceStatusChange/function-source.zip","generation":"1762905755012287"}},"environmentVariables":{"GOOGLE_NODE_RUN_SCRIPTS":""},"serviceAccount":"projects/voltfox-b1cef/serviceAccounts/746607802051-compute@developer.gserviceaccount.com","automaticUpdatePolicy":{}},"serviceConfig":{"service":"projects/voltfox-b1cef/locations/us-central1/services/ondevicestatuschange","timeoutSeconds":60,"environmentVariables":{"FIREBASE_CONFIG":"{\"projectId\":\"voltfox-b1cef\",\"storageBucket\":\"voltfox-b1cef.firebasestorage.app\"}","GCLOUD_PROJECT":"voltfox-b1cef","EVENTARC_CLOUD_EVENT_SOURCE":"projects/voltfox-b1cef/locations/us-central1/services/onDeviceStatusChange","FUNCTION_SIGNATURE_TYPE":"cloudevent","FUNCTION_TARGET":"onDeviceStatusChange","LOG_EXECUTION_ID":"true"},"ingressSettings":"ALLOW_ALL","serviceAccountEmail":"746607802051-compute@developer.gserviceaccount.com","availableMemory":"256Mi","secretEnvironmentVariables":[{"key":"RESEND_API_KEY","projectId":"voltfox-b1cef","secret":"RESEND_API_KEY","version":"1"}],"maxInstanceRequestConcurrency":80,"availableCpu":"1"},"eventTrigger":{"trigger":"projects/voltfox-b1cef/locations/eur3/triggers/ondevicestatuschange-422822","triggerRegion":"eur3","eventType":"google.cloud.firestore.document.v1.updated","eventFilters":[{"attribute":"database","value":"(default)"},{"attribute":"namespace","value":"(default)"},{"attribute":"document","value":"users/{userId}/devices/{deviceId}","operator":"match-path-pattern"}],"serviceAccountEmail":"746607802051-compute@developer.gserviceaccount.com","retryPolicy":"RETRY_POLICY_DO_NOT_RETRY"},"labels":{"deployment-tool":"cli-firebase","firebase-functions-hash":"3777c2666aa278c4fedf787ad71773a323abb4cb"},"environment":"GEN_2"},"stages":[{"name":"BUILD","message":"Build in progress","state":"IN_PROGRESS","resource":"projects/746607802051/locations/us-central1/builds/2303f632-84e3-434c-b483-1afc152dbdd9","resourceUri":"https://console.cloud.google.com/cloud-build/builds;region=us-central1/2303f632-84e3-434c-b483-1afc152dbdd9?project=746607802051"},{"name":"SERVICE","state":"NOT_STARTED"},{"name":"TRIGGER","state":"NOT_STARTED"}],"operationType":"CREATE_FUNCTION","buildName":"projects/746607802051/locations/us-central1/builds/2303f632-84e3-434c-b483-1afc152dbdd9"},"done":false}
[debug] [2025-11-12T00:02:55.287Z] [create-default-us-central1-onDeviceStatusChange] Retrying task index 0
[debug] [2025-11-12T00:02:55.287Z] Checked if tokens are valid: true, expires at: 1762908958528
[debug] [2025-11-12T00:02:55.287Z] Checked if tokens are valid: true, expires at: 1762908958528
[debug] [2025-11-12T00:02:55.287Z] >>> [apiv2][query] GET https://cloudfunctions.googleapis.com/v2/projects/voltfox-b1cef/locations/us-central1/operations/operation-1762905754762-6435a7b48fbfa-f69aefaa-35ec2315 [none]
[debug] [2025-11-12T00:02:56.035Z] <<< [apiv2][status] GET https://cloudfunctions.googleapis.com/v2/projects/voltfox-b1cef/locations/us-central1/operations/operation-1762905754762-6435a7b48fbfa-f69aefaa-35ec2315 200
[debug] [2025-11-12T00:02:56.035Z] <<< [apiv2][body] GET https://cloudfunctions.googleapis.com/v2/projects/voltfox-b1cef/locations/us-central1/operations/operation-1762905754762-6435a7b48fbfa-f69aefaa-35ec2315 {"name":"projects/voltfox-b1cef/locations/us-central1/operations/operation-1762905754762-6435a7b48fbfa-f69aefaa-35ec2315","metadata":{"@type":"type.googleapis.com/google.cloud.functions.v2.OperationMetadata","createTime":"2025-11-12T00:02:36.122881799Z","target":"projects/voltfox-b1cef/locations/us-central1/functions/onDeviceStatusChange","verb":"create","cancelRequested":false,"apiVersion":"v2","requestResource":{"@type":"type.googleapis.com/google.cloud.functions.v2.Function","name":"projects/voltfox-b1cef/locations/us-central1/functions/onDeviceStatusChange","buildConfig":{"runtime":"nodejs20","entryPoint":"onDeviceStatusChange","source":{"storageSource":{"bucket":"gcf-v2-sources-746607802051-us-central1","object":"onDeviceStatusChange/function-source.zip","generation":"1762905755012287"}},"environmentVariables":{"GOOGLE_NODE_RUN_SCRIPTS":""},"serviceAccount":"projects/voltfox-b1cef/serviceAccounts/746607802051-compute@developer.gserviceaccount.com","automaticUpdatePolicy":{}},"serviceConfig":{"service":"projects/voltfox-b1cef/locations/us-central1/services/ondevicestatuschange","timeoutSeconds":60,"environmentVariables":{"FIREBASE_CONFIG":"{\"projectId\":\"voltfox-b1cef\",\"storageBucket\":\"voltfox-b1cef.firebasestorage.app\"}","GCLOUD_PROJECT":"voltfox-b1cef","EVENTARC_CLOUD_EVENT_SOURCE":"projects/voltfox-b1cef/locations/us-central1/services/onDeviceStatusChange","FUNCTION_SIGNATURE_TYPE":"cloudevent","FUNCTION_TARGET":"onDeviceStatusChange","LOG_EXECUTION_ID":"true"},"ingressSettings":"ALLOW_ALL","serviceAccountEmail":"746607802051-compute@developer.gserviceaccount.com","availableMemory":"256Mi","secretEnvironmentVariables":[{"key":"RESEND_API_KEY","projectId":"voltfox-b1cef","secret":"RESEND_API_KEY","version":"1"}],"maxInstanceRequestConcurrency":80,"availableCpu":"1"},"eventTrigger":{"trigger":"projects/voltfox-b1cef/locations/eur3/triggers/ondevicestatuschange-422822","triggerRegion":"eur3","eventType":"google.cloud.firestore.document.v1.updated","eventFilters":[{"attribute":"database","value":"(default)"},{"attribute":"namespace","value":"(default)"},{"attribute":"document","value":"users/{userId}/devices/{deviceId}","operator":"match-path-pattern"}],"serviceAccountEmail":"746607802051-compute@developer.gserviceaccount.com","retryPolicy":"RETRY_POLICY_DO_NOT_RETRY"},"labels":{"deployment-tool":"cli-firebase","firebase-functions-hash":"3777c2666aa278c4fedf787ad71773a323abb4cb"},"environment":"GEN_2"},"stages":[{"name":"BUILD","message":"Build in progress","state":"IN_PROGRESS","resource":"projects/746607802051/locations/us-central1/builds/2303f632-84e3-434c-b483-1afc152dbdd9","resourceUri":"https://console.cloud.google.com/cloud-build/builds;region=us-central1/2303f632-84e3-434c-b483-1afc152dbdd9?project=746607802051"},{"name":"SERVICE","state":"NOT_STARTED"},{"name":"TRIGGER","state":"NOT_STARTED"}],"operationType":"CREATE_FUNCTION","buildName":"projects/746607802051/locations/us-central1/builds/2303f632-84e3-434c-b483-1afc152dbdd9"},"done":false}
[debug] [2025-11-12T00:03:06.036Z] [create-default-us-central1-onDeviceStatusChange] Retrying task index 0
[debug] [2025-11-12T00:03:06.037Z] Checked if tokens are valid: true, expires at: 1762908958528
[debug] [2025-11-12T00:03:06.037Z] Checked if tokens are valid: true, expires at: 1762908958528
[debug] [2025-11-12T00:03:06.038Z] >>> [apiv2][query] GET https://cloudfunctions.googleapis.com/v2/projects/voltfox-b1cef/locations/us-central1/operations/operation-1762905754762-6435a7b48fbfa-f69aefaa-35ec2315 [none]
[debug] [2025-11-12T00:03:06.840Z] <<< [apiv2][status] GET https://cloudfunctions.googleapis.com/v2/projects/voltfox-b1cef/locations/us-central1/operations/operation-1762905754762-6435a7b48fbfa-f69aefaa-35ec2315 200
[debug] [2025-11-12T00:03:06.840Z] <<< [apiv2][body] GET https://cloudfunctions.googleapis.com/v2/projects/voltfox-b1cef/locations/us-central1/operations/operation-1762905754762-6435a7b48fbfa-f69aefaa-35ec2315 {"name":"projects/voltfox-b1cef/locations/us-central1/operations/operation-1762905754762-6435a7b48fbfa-f69aefaa-35ec2315","metadata":{"@type":"type.googleapis.com/google.cloud.functions.v2.OperationMetadata","createTime":"2025-11-12T00:02:36.122881799Z","target":"projects/voltfox-b1cef/locations/us-central1/functions/onDeviceStatusChange","verb":"create","cancelRequested":false,"apiVersion":"v2","requestResource":{"@type":"type.googleapis.com/google.cloud.functions.v2.Function","name":"projects/voltfox-b1cef/locations/us-central1/functions/onDeviceStatusChange","buildConfig":{"runtime":"nodejs20","entryPoint":"onDeviceStatusChange","source":{"storageSource":{"bucket":"gcf-v2-sources-746607802051-us-central1","object":"onDeviceStatusChange/function-source.zip","generation":"1762905755012287"}},"environmentVariables":{"GOOGLE_NODE_RUN_SCRIPTS":""},"serviceAccount":"projects/voltfox-b1cef/serviceAccounts/746607802051-compute@developer.gserviceaccount.com","automaticUpdatePolicy":{}},"serviceConfig":{"service":"projects/voltfox-b1cef/locations/us-central1/services/ondevicestatuschange","timeoutSeconds":60,"environmentVariables":{"FIREBASE_CONFIG":"{\"projectId\":\"voltfox-b1cef\",\"storageBucket\":\"voltfox-b1cef.firebasestorage.app\"}","GCLOUD_PROJECT":"voltfox-b1cef","EVENTARC_CLOUD_EVENT_SOURCE":"projects/voltfox-b1cef/locations/us-central1/services/onDeviceStatusChange","FUNCTION_SIGNATURE_TYPE":"cloudevent","FUNCTION_TARGET":"onDeviceStatusChange","LOG_EXECUTION_ID":"true"},"ingressSettings":"ALLOW_ALL","serviceAccountEmail":"746607802051-compute@developer.gserviceaccount.com","availableMemory":"256Mi","secretEnvironmentVariables":[{"key":"RESEND_API_KEY","projectId":"voltfox-b1cef","secret":"RESEND_API_KEY","version":"1"}],"maxInstanceRequestConcurrency":80,"availableCpu":"1"},"eventTrigger":{"trigger":"projects/voltfox-b1cef/locations/eur3/triggers/ondevicestatuschange-422822","triggerRegion":"eur3","eventType":"google.cloud.firestore.document.v1.updated","eventFilters":[{"attribute":"database","value":"(default)"},{"attribute":"namespace","value":"(default)"},{"attribute":"document","value":"users/{userId}/devices/{deviceId}","operator":"match-path-pattern"}],"serviceAccountEmail":"746607802051-compute@developer.gserviceaccount.com","retryPolicy":"RETRY_POLICY_DO_NOT_RETRY"},"labels":{"deployment-tool":"cli-firebase","firebase-functions-hash":"3777c2666aa278c4fedf787ad71773a323abb4cb"},"environment":"GEN_2"},"stages":[{"name":"BUILD","message":"Build in progress","state":"IN_PROGRESS","resource":"projects/746607802051/locations/us-central1/builds/2303f632-84e3-434c-b483-1afc152dbdd9","resourceUri":"https://console.cloud.google.com/cloud-build/builds;region=us-central1/2303f632-84e3-434c-b483-1afc152dbdd9?project=746607802051"},{"name":"SERVICE","state":"NOT_STARTED"},{"name":"TRIGGER","state":"NOT_STARTED"}],"operationType":"CREATE_FUNCTION","buildName":"projects/746607802051/locations/us-central1/builds/2303f632-84e3-434c-b483-1afc152dbdd9"},"done":false}
[debug] [2025-11-12T00:03:16.841Z] [create-default-us-central1-onDeviceStatusChange] Retrying task index 0
[debug] [2025-11-12T00:03:16.842Z] Checked if tokens are valid: true, expires at: 1762908958528
[debug] [2025-11-12T00:03:16.842Z] Checked if tokens are valid: true, expires at: 1762908958528
[debug] [2025-11-12T00:03:16.842Z] >>> [apiv2][query] GET https://cloudfunctions.googleapis.com/v2/projects/voltfox-b1cef/locations/us-central1/operations/operation-1762905754762-6435a7b48fbfa-f69aefaa-35ec2315 [none]
[debug] [2025-11-12T00:03:17.048Z] <<< [apiv2][status] GET https://cloudfunctions.googleapis.com/v2/projects/voltfox-b1cef/locations/us-central1/operations/operation-1762905754762-6435a7b48fbfa-f69aefaa-35ec2315 200
[debug] [2025-11-12T00:03:17.049Z] <<< [apiv2][body] GET https://cloudfunctions.googleapis.com/v2/projects/voltfox-b1cef/locations/us-central1/operations/operation-1762905754762-6435a7b48fbfa-f69aefaa-35ec2315 {"name":"projects/voltfox-b1cef/locations/us-central1/operations/operation-1762905754762-6435a7b48fbfa-f69aefaa-35ec2315","metadata":{"@type":"type.googleapis.com/google.cloud.functions.v2.OperationMetadata","createTime":"2025-11-12T00:02:36.122881799Z","target":"projects/voltfox-b1cef/locations/us-central1/functions/onDeviceStatusChange","verb":"create","cancelRequested":false,"apiVersion":"v2","requestResource":{"@type":"type.googleapis.com/google.cloud.functions.v2.Function","name":"projects/voltfox-b1cef/locations/us-central1/functions/onDeviceStatusChange","buildConfig":{"runtime":"nodejs20","entryPoint":"onDeviceStatusChange","source":{"storageSource":{"bucket":"gcf-v2-sources-746607802051-us-central1","object":"onDeviceStatusChange/function-source.zip","generation":"1762905755012287"}},"environmentVariables":{"GOOGLE_NODE_RUN_SCRIPTS":""},"serviceAccount":"projects/voltfox-b1cef/serviceAccounts/746607802051-compute@developer.gserviceaccount.com","automaticUpdatePolicy":{}},"serviceConfig":{"service":"projects/voltfox-b1cef/locations/us-central1/services/ondevicestatuschange","timeoutSeconds":60,"environmentVariables":{"FIREBASE_CONFIG":"{\"projectId\":\"voltfox-b1cef\",\"storageBucket\":\"voltfox-b1cef.firebasestorage.app\"}","GCLOUD_PROJECT":"voltfox-b1cef","EVENTARC_CLOUD_EVENT_SOURCE":"projects/voltfox-b1cef/locations/us-central1/services/onDeviceStatusChange","FUNCTION_SIGNATURE_TYPE":"cloudevent","FUNCTION_TARGET":"onDeviceStatusChange","LOG_EXECUTION_ID":"true"},"ingressSettings":"ALLOW_ALL","serviceAccountEmail":"746607802051-compute@developer.gserviceaccount.com","availableMemory":"256Mi","secretEnvironmentVariables":[{"key":"RESEND_API_KEY","projectId":"voltfox-b1cef","secret":"RESEND_API_KEY","version":"1"}],"maxInstanceRequestConcurrency":80,"availableCpu":"1"},"eventTrigger":{"trigger":"projects/voltfox-b1cef/locations/eur3/triggers/ondevicestatuschange-422822","triggerRegion":"eur3","eventType":"google.cloud.firestore.document.v1.updated","eventFilters":[{"attribute":"database","value":"(default)"},{"attribute":"namespace","value":"(default)"},{"attribute":"document","value":"users/{userId}/devices/{deviceId}","operator":"match-path-pattern"}],"serviceAccountEmail":"746607802051-compute@developer.gserviceaccount.com","retryPolicy":"RETRY_POLICY_DO_NOT_RETRY"},"labels":{"deployment-tool":"cli-firebase","firebase-functions-hash":"3777c2666aa278c4fedf787ad71773a323abb4cb"},"environment":"GEN_2"},"stages":[{"name":"BUILD","message":"Build in progress","state":"IN_PROGRESS","resource":"projects/746607802051/locations/us-central1/builds/2303f632-84e3-434c-b483-1afc152dbdd9","resourceUri":"https://console.cloud.google.com/cloud-build/builds;region=us-central1/2303f632-84e3-434c-b483-1afc152dbdd9?project=746607802051"},{"name":"SERVICE","state":"NOT_STARTED"},{"name":"TRIGGER","state":"NOT_STARTED"}],"operationType":"CREATE_FUNCTION","buildName":"projects/746607802051/locations/us-central1/builds/2303f632-84e3-434c-b483-1afc152dbdd9"},"done":false}
[debug] [2025-11-12T00:03:27.050Z] [create-default-us-central1-onDeviceStatusChange] Retrying task index 0
[debug] [2025-11-12T00:03:27.050Z] Checked if tokens are valid: true, expires at: 1762908958528
[debug] [2025-11-12T00:03:27.050Z] Checked if tokens are valid: true, expires at: 1762908958528
[debug] [2025-11-12T00:03:27.050Z] >>> [apiv2][query] GET https://cloudfunctions.googleapis.com/v2/projects/voltfox-b1cef/locations/us-central1/operations/operation-1762905754762-6435a7b48fbfa-f69aefaa-35ec2315 [none]
[debug] [2025-11-12T00:03:27.792Z] <<< [apiv2][status] GET https://cloudfunctions.googleapis.com/v2/projects/voltfox-b1cef/locations/us-central1/operations/operation-1762905754762-6435a7b48fbfa-f69aefaa-35ec2315 200
[debug] [2025-11-12T00:03:27.792Z] <<< [apiv2][body] GET https://cloudfunctions.googleapis.com/v2/projects/voltfox-b1cef/locations/us-central1/operations/operation-1762905754762-6435a7b48fbfa-f69aefaa-35ec2315 {"name":"projects/voltfox-b1cef/locations/us-central1/operations/operation-1762905754762-6435a7b48fbfa-f69aefaa-35ec2315","metadata":{"@type":"type.googleapis.com/google.cloud.functions.v2.OperationMetadata","createTime":"2025-11-12T00:02:36.122881799Z","target":"projects/voltfox-b1cef/locations/us-central1/functions/onDeviceStatusChange","verb":"create","cancelRequested":false,"apiVersion":"v2","requestResource":{"@type":"type.googleapis.com/google.cloud.functions.v2.Function","name":"projects/voltfox-b1cef/locations/us-central1/functions/onDeviceStatusChange","buildConfig":{"runtime":"nodejs20","entryPoint":"onDeviceStatusChange","source":{"storageSource":{"bucket":"gcf-v2-sources-746607802051-us-central1","object":"onDeviceStatusChange/function-source.zip","generation":"1762905755012287"}},"environmentVariables":{"GOOGLE_NODE_RUN_SCRIPTS":""},"serviceAccount":"projects/voltfox-b1cef/serviceAccounts/746607802051-compute@developer.gserviceaccount.com","automaticUpdatePolicy":{}},"serviceConfig":{"service":"projects/voltfox-b1cef/locations/us-central1/services/ondevicestatuschange","timeoutSeconds":60,"environmentVariables":{"FIREBASE_CONFIG":"{\"projectId\":\"voltfox-b1cef\",\"storageBucket\":\"voltfox-b1cef.firebasestorage.app\"}","GCLOUD_PROJECT":"voltfox-b1cef","EVENTARC_CLOUD_EVENT_SOURCE":"projects/voltfox-b1cef/locations/us-central1/services/onDeviceStatusChange","FUNCTION_SIGNATURE_TYPE":"cloudevent","FUNCTION_TARGET":"onDeviceStatusChange","LOG_EXECUTION_ID":"true"},"ingressSettings":"ALLOW_ALL","serviceAccountEmail":"746607802051-compute@developer.gserviceaccount.com","availableMemory":"256Mi","secretEnvironmentVariables":[{"key":"RESEND_API_KEY","projectId":"voltfox-b1cef","secret":"RESEND_API_KEY","version":"1"}],"maxInstanceRequestConcurrency":80,"availableCpu":"1"},"eventTrigger":{"trigger":"projects/voltfox-b1cef/locations/eur3/triggers/ondevicestatuschange-422822","triggerRegion":"eur3","eventType":"google.cloud.firestore.document.v1.updated","eventFilters":[{"attribute":"database","value":"(default)"},{"attribute":"namespace","value":"(default)"},{"attribute":"document","value":"users/{userId}/devices/{deviceId}","operator":"match-path-pattern"}],"serviceAccountEmail":"746607802051-compute@developer.gserviceaccount.com","retryPolicy":"RETRY_POLICY_DO_NOT_RETRY"},"labels":{"deployment-tool":"cli-firebase","firebase-functions-hash":"3777c2666aa278c4fedf787ad71773a323abb4cb"},"environment":"GEN_2"},"stages":[{"name":"BUILD","message":"Build in progress","state":"IN_PROGRESS","resource":"projects/746607802051/locations/us-central1/builds/2303f632-84e3-434c-b483-1afc152dbdd9","resourceUri":"https://console.cloud.google.com/cloud-build/builds;region=us-central1/2303f632-84e3-434c-b483-1afc152dbdd9?project=746607802051"},{"name":"SERVICE","state":"NOT_STARTED"},{"name":"TRIGGER","state":"NOT_STARTED"}],"operationType":"CREATE_FUNCTION","buildName":"projects/746607802051/locations/us-central1/builds/2303f632-84e3-434c-b483-1afc152dbdd9"},"done":false}
[debug] [2025-11-12T00:03:37.793Z] [create-default-us-central1-onDeviceStatusChange] Retrying task index 0
[debug] [2025-11-12T00:03:37.794Z] Checked if tokens are valid: true, expires at: 1762908958528
[debug] [2025-11-12T00:03:37.794Z] Checked if tokens are valid: true, expires at: 1762908958528
[debug] [2025-11-12T00:03:37.794Z] >>> [apiv2][query] GET https://cloudfunctions.googleapis.com/v2/projects/voltfox-b1cef/locations/us-central1/operations/operation-1762905754762-6435a7b48fbfa-f69aefaa-35ec2315 [none]
[debug] [2025-11-12T00:03:38.533Z] <<< [apiv2][status] GET https://cloudfunctions.googleapis.com/v2/projects/voltfox-b1cef/locations/us-central1/operations/operation-1762905754762-6435a7b48fbfa-f69aefaa-35ec2315 200
[debug] [2025-11-12T00:03:38.533Z] <<< [apiv2][body] GET https://cloudfunctions.googleapis.com/v2/projects/voltfox-b1cef/locations/us-central1/operations/operation-1762905754762-6435a7b48fbfa-f69aefaa-35ec2315 {"name":"projects/voltfox-b1cef/locations/us-central1/operations/operation-1762905754762-6435a7b48fbfa-f69aefaa-35ec2315","metadata":{"@type":"type.googleapis.com/google.cloud.functions.v2.OperationMetadata","createTime":"2025-11-12T00:02:36.122881799Z","endTime":"2025-11-12T00:03:37.500549967Z","target":"projects/voltfox-b1cef/locations/us-central1/functions/onDeviceStatusChange","verb":"create","cancelRequested":false,"apiVersion":"v2","requestResource":{"@type":"type.googleapis.com/google.cloud.functions.v2.Function","name":"projects/voltfox-b1cef/locations/us-central1/functions/onDeviceStatusChange","buildConfig":{"runtime":"nodejs20","entryPoint":"onDeviceStatusChange","source":{"storageSource":{"bucket":"gcf-v2-sources-746607802051-us-central1","object":"onDeviceStatusChange/function-source.zip","generation":"1762905755012287"}},"environmentVariables":{"GOOGLE_NODE_RUN_SCRIPTS":""},"serviceAccount":"projects/voltfox-b1cef/serviceAccounts/746607802051-compute@developer.gserviceaccount.com","automaticUpdatePolicy":{}},"serviceConfig":{"service":"projects/voltfox-b1cef/locations/us-central1/services/ondevicestatuschange","timeoutSeconds":60,"environmentVariables":{"FIREBASE_CONFIG":"{\"projectId\":\"voltfox-b1cef\",\"storageBucket\":\"voltfox-b1cef.firebasestorage.app\"}","GCLOUD_PROJECT":"voltfox-b1cef","EVENTARC_CLOUD_EVENT_SOURCE":"projects/voltfox-b1cef/locations/us-central1/services/onDeviceStatusChange","FUNCTION_SIGNATURE_TYPE":"cloudevent","FUNCTION_TARGET":"onDeviceStatusChange","LOG_EXECUTION_ID":"true"},"ingressSettings":"ALLOW_ALL","serviceAccountEmail":"746607802051-compute@developer.gserviceaccount.com","availableMemory":"256Mi","secretEnvironmentVariables":[{"key":"RESEND_API_KEY","projectId":"voltfox-b1cef","secret":"RESEND_API_KEY","version":"1"}],"maxInstanceRequestConcurrency":80,"availableCpu":"1"},"eventTrigger":{"trigger":"projects/voltfox-b1cef/locations/eur3/triggers/ondevicestatuschange-422822","triggerRegion":"eur3","eventType":"google.cloud.firestore.document.v1.updated","eventFilters":[{"attribute":"database","value":"(default)"},{"attribute":"namespace","value":"(default)"},{"attribute":"document","value":"users/{userId}/devices/{deviceId}","operator":"match-path-pattern"}],"serviceAccountEmail":"746607802051-compute@developer.gserviceaccount.com","retryPolicy":"RETRY_POLICY_DO_NOT_RETRY"},"labels":{"deployment-tool":"cli-firebase","firebase-functions-hash":"3777c2666aa278c4fedf787ad71773a323abb4cb"},"environment":"GEN_2"},"stages":[{"name":"ARTIFACT_REGISTRY","message":"Deleting function artifacts in Artifact Registry","state":"COMPLETE"},{"name":"SERVICE","message":"Deleting Cloud Run service","state":"COMPLETE","resource":"projects/voltfox-b1cef/locations/us-central1/services/ondevicestatuschange"},{"name":"TRIGGER","message":"Deleting Eventarc trigger","state":"COMPLETE","resource":"projects/voltfox-b1cef/locations/eur3/triggers/ondevicestatuschange-422822"}],"operationType":"CREATE_FUNCTION"},"done":true,"error":{"code":3,"message":"Build failed with status: FAILURE and message: npm error code EUSAGE\nnpm error\nnpm error `npm ci` can only install packages when your package.json and package-lock.json or npm-shrinkwrap.json are in sync. Please update your lock file with `npm install` before continuing.\nnpm error\nnpm error Missing: jest@30.2.0 from lock file\nnpm error Missing: @jest/core@30.2.0 from lock file\nnpm error Missing: @jest/types@30.2.0 from lock file\nnpm error Missing: import-local@3.2.0 from lock file\nnpm error Missing: jest-cli@30.2.0 from lock file\nnpm error Missing: @jest/console@30.2.0 from lock file\nnpm error Missing: @jest/pattern@30.0.1 from lock file\nnpm error Missing: @jest/reporters@30.2.0 from lock file\nnpm error Missing: @jest/test-result@30.2.0 from lock file\nnpm error Missing: @jest/transform@30.2.0 from lock file\nnpm error Missing: ansi-escapes@4.3.2 from lock file\nnpm error Missing: chalk@4.1.2 from lock file\nnpm error Missing: ci-info@4.3.1 from lock file\nnpm error Missing: exit-x@0.2.2 from lock file\nnpm error Missing: graceful-fs@4.2.11 from lock file\nnpm error Missing: jest-changed-files@30.2.0 from lock file\nnpm error Missing: jest-config@30.2.0 from lock file\nnpm error Missing: jest-haste-map@30.2.0 from lock file\nnpm error Missing: jest-message-util@30.2.0 from lock file\nnpm error Missing: jest-regex-util@30.0.1 from lock file\nnpm error Missing: jest-resolve@30.2.0 from lock file\nnpm error Missing: jest-resolve-dependencies@30.2.0 from lock file\nnpm error Missing: jest-runner@30.2.0 from lock file\nnpm error Missing: jest-runtime@30.2.0 from lock file\nnpm error Missing: jest-snapshot@30.2.0 from lock file\nnpm error Missing: jest-util@30.2.0 from lock file\nnpm error Missing: jest-validate@30.2.0 from lock file\nnpm error Missing: jest-watcher@30.2.0 from lock file\nnpm error Missing: micromatch@4.0.8 from lock file\nnpm error Missing: pretty-format@30.2.0 from lock file\nnpm error Missing: slash@3.0.0 from lock file\nnpm error Missing: @bcoe/v8-coverage@0.2.3 from lock file\nnpm error Missing: @jridgewell/trace-mapping@0.3.31 from lock file\nnpm error Missing: collect-v8-coverage@1.0.3 from lock file\nnpm error Missing: glob@10.4.5 from lock file\nnpm error Missing: istanbul-lib-coverage@3.2.2 from lock file\nnpm error Missing: istanbul-lib-instrument@6.0.3 from lock file\nnpm error Missing: istanbul-lib-report@3.0.1 from lock file\nnpm error Missing: istanbul-lib-source-maps@5.0.6 from lock file\nnpm error Missing: istanbul-reports@3.2.0 from lock file\nnpm error Missing: jest-worker@30.2.0 from lock file\nnpm error Missing: string-length@4.0.2 from lock file\nnpm error Missing: v8-to-istanbul@9.3.0 from lock file\nnpm error Missing: @types/istanbul-lib-coverage@2.0.6 from lock file\nnpm error Missing: @babel/core@7.28.5 from lock file\nnpm error Missing: babel-plugin-istanbul@7.0.1 from lock file\nnpm error Missing: convert-source-map@2.0.0 from lock file\nnpm error Missing: fast-json-stable-stringify@2.1.0 from lock file\nnpm error Missing: pirates@4.0.7 from lock file\nnpm error Missing: write-file-atomic@5.0.1 from lock file\nnpm error Missing: @babel/code-frame@7.27.1 from lock file\nnpm error Missing: @babel/generator@7.28.5 from lock file\nnpm error Missing: @babel/helper-compilation-targets@7.27.2 from lock file\nnpm error Missing: @babel/helper-module-transforms@7.28.3 from lock file\nnpm error Missing: @babel/helpers@7.28.4 from lock file\nnpm error Missing: @babel/parser@7.28.5 from lock file\nnpm error Missing: @babel/template@7.27.2 from lock file\nnpm error Missing: @babel/traverse@7.28.5 from lock file\nnpm error Missing: @babel/types@7.28.5 from lock file\nnpm error Missing: @jridgewell/remapping@2.3.5 from lock file\nnpm error Missing: debug@4.4.3 from lock file\nnpm error Missing: gensync@1.0.0-beta.2 from lock file\nnpm error Missing: json5@2.2.3 from lock file\nnpm error Missing: semver@6.3.1 from lock file\nnpm error Missing: @babel/helper-validator-identifier@7.28.5 from lock file\nnpm error Missing: js-tokens@4.0.0 from lock file\nnpm error Missing: picocolors@1.1.1 from lock file\nnpm error Missing: @jridgewell/gen-mapping@0.3.13 from lock file\nnpm error Missing: jsesc@3.1.0 from lock file\nnpm error Missing: @babel/compat-data@7.28.5 from lock file\nnpm error Missing: @babel/helper-validator-option@7.27.1 from lock file\nnpm error Missing: browserslist@4.28.0 from lock file\nnpm error Missing: lru-cache@5.1.1 from lock file\nnpm error Missing: semver@6.3.1 from lock file\nnpm error Missing: @babel/helper-module-imports@7.27.1 from lock file\nnpm error Missing: @babel/helper-globals@7.28.0 from lock file\nnpm error Missing: debug@4.4.3 from lock file\nnpm error Missing: @babel/helper-string-parser@7.27.1 from lock file\nnpm error Missing: @jest/schemas@30.0.5 from lock file\nnpm error Missing: @types/istanbul-reports@3.0.4 from lock file\nnpm error Missing: @types/yargs@17.0.34 from lock file\nnpm error Missing: @sinclair/typebox@0.34.41 from lock file\nnpm error Missing: @jridgewell/sourcemap-codec@1.5.5 from lock file\nnpm error Missing: @jridgewell/resolve-uri@3.1.2 from lock file\nnpm error Missing: @types/istanbul-lib-report@3.0.3 from lock file\nnpm error Missing: @types/yargs-parser@21.0.3 from lock file\nnpm error Missing: type-fest@0.21.3 from lock file\nnpm error Missing: @babel/helper-plugin-utils@7.27.1 from lock file\nnpm error Missing: @istanbuljs/load-nyc-config@1.1.0 from lock file\nnpm error Missing: @istanbuljs/schema@0.1.3 from lock file\nnpm error Missing: test-exclude@6.0.0 from lock file\nnpm error Missing: camelcase@5.3.1 from lock file\nnpm error Missing: find-up@4.1.0 from lock file\nnpm error Missing: get-package-type@0.1.0 from lock file\nnpm error Missing: js-yaml@3.14.1 from lock file\nnpm error Missing: resolve-from@5.0.0 from lock file\nnpm error Missing: baseline-browser-mapping@2.8.26 from lock file\nnpm error Missing: caniuse-lite@1.0.30001754 from lock file\nnpm error Missing: electron-to-chromium@1.5.250 from lock file\nnpm error Missing: node-releases@2.0.27 from lock file\nnpm error Missing: update-browserslist-db@1.1.4 from lock file\nnpm error Missing: supports-color@7.2.0 from lock file\nnpm error Missing: locate-path@5.0.0 from lock file\nnpm error Missing: path-exists@4.0.0 from lock file\nnpm error Missing: foreground-child@3.3.1 from lock file\nnpm error Missing: jackspeak@3.4.3 from lock file\nnpm error Missing: minimatch@9.0.5 from lock file\nnpm error Missing: minipass@7.1.2 from lock file\nnpm error Missing: package-json-from-dist@1.0.1 from lock file\nnpm error Missing: path-scurry@1.11.1 from lock file\nnpm error Missing: cross-spawn@7.0.6 from lock file\nnpm error Missing: signal-exit@4.1.0 from lock file\nnpm error Missing: path-key@3.1.1 from lock file\nnpm error Missing: shebang-command@2.0.0 from lock file\nnpm error Missing: which@2.0.2 from lock file\nnpm error Missing: pkg-dir@4.2.0 from lock file\nnpm error Missing: resolve-cwd@3.0.0 from lock file\nnpm error Missing: make-dir@4.0.0 from lock file\nnpm error Missing: debug@4.4.3 from lock file\nnpm error Missing: html-escaper@2.0.2 from lock file\nnpm error Missing: @isaacs/cliui@8.0.2 from lock file\nnpm error Missing: @pkgjs/parseargs@0.11.0 from lock file\nnpm error Missing: string-width@5.1.2 from lock file\nnpm error Missing: string-width-cjs@4.2.3 from lock file\nnpm error Missing: strip-ansi@7.1.2 from lock file\nnpm error Missing: strip-ansi-cjs@6.0.1 from lock file\nnpm error Missing: wrap-ansi@8.1.0 from lock file\nnpm error Missing: wrap-ansi-cjs@7.0.0 from lock file\nnpm error Missing: execa@5.1.1 from lock file\nnpm error Missing: get-stream@6.0.1 from lock file\nnpm error Missing: human-signals@2.1.0 from lock file\nnpm error Missing: merge-stream@2.0.0 from lock file\nnpm error Missing: npm-run-path@4.0.1 from lock file\nnpm error Missing: onetime@5.1.2 from lock file\nnpm error Missing: signal-exit@3.0.7 from lock file\nnpm error Missing: strip-final-newline@2.0.0 from lock file\nnpm error Missing: @jest/get-type@30.1.0 from lock file\nnpm error Missing: @jest/test-sequencer@30.2.0 from lock file\nnpm error Missing: babel-jest@30.2.0 from lock file\nnpm error Missing: deepmerge@4.3.1 from lock file\nnpm error Missing: jest-circus@30.2.0 from lock file\nnpm error Missing: jest-docblock@30.2.0 from lock file\nnpm error Missing: jest-environment-node@30.2.0 from lock file\nnpm error Missing: parse-json@5.2.0 from lock file\nnpm error Missing: strip-json-comments@3.1.1 from lock file\nnpm error Missing: @types/babel__core@7.20.5 from lock file\nnpm error Missing: babel-preset-jest@30.2.0 from lock file\nnpm error Missing: @types/babel__generator@7.27.0 from lock file\nnpm error Missing: @types/babel__template@7.4.4 from lock file\nnpm error Missing: @types/babel__traverse@7.28.0 from lock file\nnpm error Missing: babel-plugin-jest-hoist@30.2.0 from lock file\nnpm error Missing: babel-preset-current-node-syntax@1.2.0 from lock file\nnpm error Missing: @babel/plugin-syntax-async-generators@7.8.4 from lock file\nnpm error Missing: @babel/plugin-syntax-bigint@7.8.3 from lock file\nnpm error Missing: @babel/plugin-syntax-class-properties@7.12.13 from lock file\nnpm error Missing: @babel/plugin-syntax-class-static-block@7.14.5 from lock file\nnpm error Missing: @babel/plugin-syntax-import-attributes@7.27.1 from lock file\nnpm error Missing: @babel/plugin-syntax-import-meta@7.10.4 from lock file\nnpm error Missing: @babel/plugin-syntax-json-strings@7.8.3 from lock file\nnpm error Missing: @babel/plugin-syntax-logical-assignment-operators@7.10.4 from lock file\nnpm error Missing: @babel/plugin-syntax-nullish-coalescing-operator@7.8.3 from lock file\nnpm error Missing: @babel/plugin-syntax-numeric-separator@7.10.4 from lock file\nnpm error Missing: @babel/plugin-syntax-object-rest-spread@7.8.3 from lock file\nnpm error Missing: @babel/plugin-syntax-optional-catch-binding@7.8.3 from lock file\nnpm error Missing: @babel/plugin-syntax-optional-chaining@7.8.3 from lock file\nnpm error Missing: @babel/plugin-syntax-private-property-in-object@7.14.5 from lock file\nnpm error Missing: @babel/plugin-syntax-top-level-await@7.14.5 from lock file\nnpm error Missing: @jest/environment@30.2.0 from lock file\nnpm error Missing: @jest/expect@30.2.0 from lock file\nnpm error Missing: co@4.6.0 from lock file\nnpm error Missing: dedent@1.7.0 from lock file\nnpm error Missing: is-generator-fn@2.1.0 from lock file\nnpm error Missing: jest-each@30.2.0 from lock file\nnpm error Missing: jest-matcher-utils@30.2.0 from lock file\nnpm error Missing: pure-rand@7.0.1 from lock file\nnpm error Missing: stack-utils@2.0.6 from lock file\nnpm error Missing: @jest/fake-timers@30.2.0 from lock file\nnpm error Missing: jest-mock@30.2.0 from lock file\nnpm error Missing: expect@30.2.0 from lock file\nnpm error Missing: @sinonjs/fake-timers@13.0.5 from lock file\nnpm error Missing: @sinonjs/commons@3.0.1 from lock file\nnpm error Missing: type-detect@4.0.8 from lock file\nnpm error Missing: @jest/expect-utils@30.2.0 from lock file\nnpm error Missing: detect-newline@3.1.0 from lock file\nnpm error Missing: anymatch@3.1.3 from lock file\nnpm error Missing: fb-watchman@2.0.2 from lock file\nnpm error Missing: fsevents@2.3.3 from lock file\nnpm error Missing: walker@1.0.8 from lock file\nnpm error Missing: normalize-path@3.0.0 from lock file\nnpm error Missing: picomatch@2.3.1 from lock file\nnpm error Missing: bser@2.1.1 from lock file\nnpm error Missing: node-int64@0.4.0 from lock file\nnpm error Missing: jest-diff@30.2.0 from lock file\nnpm error Missing: @jest/diff-sequences@30.0.1 from lock file\nnpm error Missing: @types/stack-utils@2.0.3 from lock file\nnpm error Missing: jest-pnp-resolver@1.2.3 from lock file\nnpm error Missing: unrs-resolver@1.11.1 from lock file\nnpm error Missing: emittery@0.13.1 from lock file\nnpm error Missing: jest-leak-detector@30.2.0 from lock file\nnpm error Missing: source-map-support@0.5.13 from lock file\nnpm error Missing: @jest/globals@30.2.0 from lock file\nnpm error Missing: @jest/source-map@30.0.1 from lock file\nnpm error Missing: cjs-module-lexer@2.1.1 from lock file\nnpm error Missing: strip-bom@4.0.0 from lock file\nnpm error Missing: callsites@3.1.0 from lock file\nnpm error Missing: @babel/plugin-syntax-jsx@7.27.1 from lock file\nnpm error Missing: @babel/plugin-syntax-typescript@7.27.1 from lock file\nnpm error Missing: @jest/snapshot-utils@30.2.0 from lock file\nnpm error Missing: synckit@0.11.11 from lock file\nnpm error Missing: natural-compare@1.4.0 from lock file\nnpm error Missing: picomatch@4.0.3 from lock file\nnpm error Missing: camelcase@6.3.0 from lock file\nnpm error Missing: leven@3.1.0 from lock file\nnpm error Missing: @ungap/structured-clone@1.3.0 from lock file\nnpm error Missing: supports-color@8.1.1 from lock file\nnpm error Missing: argparse@1.0.10 from lock file\nnpm error Missing: esprima@4.0.1 from lock file\nnpm error Missing: sprintf-js@1.0.3 from lock file\nnpm error Missing: p-locate@4.1.0 from lock file\nnpm error Missing: braces@3.0.3 from lock file\nnpm error Missing: fill-range@7.1.1 from lock file\nnpm error Missing: to-regex-range@5.0.1 from lock file\nnpm error Missing: brace-expansion@2.0.2 from lock file\nnpm error Missing: balanced-match@1.0.2 from lock file\nnpm error Missing: mimic-fn@2.1.0 from lock file\nnpm error Missing: p-limit@2.3.0 from lock file\nnpm error Missing: error-ex@1.3.4 from lock file\nnpm error Missing: json-parse-even-better-errors@2.3.1 from lock file\nnpm error Missing: lines-and-columns@1.2.4 from lock file\nnpm error Missing: is-arrayish@0.2.1 from lock file\nnpm error Missing: lru-cache@10.4.3 from lock file\nnpm error Missing: ansi-styles@5.2.0 from lock file\nnpm error Missing: react-is@18.3.1 from lock file\nnpm error Missing: shebang-regex@3.0.0 from lock file\nnpm error Missing: buffer-from@1.1.2 from lock file\nnpm error Missing: source-map@0.6.1 from lock file\nnpm error Missing: escape-string-regexp@2.0.0 from lock file\nnpm error Missing: char-regex@1.0.2 from lock file\nnpm error Missing: has-flag@4.0.0 from lock file\nnpm error Missing: @pkgr/core@0.2.9 from lock file\nnpm error Missing: glob@7.2.3 from lock file\nnpm error Missing: minimatch@3.1.2 from lock file\nnpm error Missing: is-number@7.0.0 from lock file\nnpm error Missing: @unrs/resolver-binding-android-arm-eabi@1.11.1 from lock file\nnpm error Missing: @unrs/resolver-binding-android-arm64@1.11.1 from lock file\nnpm error Missing: @unrs/resolver-binding-darwin-arm64@1.11.1 from lock file\nnpm error Missing: @unrs/resolver-binding-darwin-x64@1.11.1 from lock file\nnpm error Missing: @unrs/resolver-binding-freebsd-x64@1.11.1 from lock file\nnpm error Missing: @unrs/resolver-binding-linux-arm-gnueabihf@1.11.1 from lock file\nnpm error Missing: @unrs/resolver-binding-linux-arm-musleabihf@1.11.1 from lock file\nnpm error Missing: @unrs/resolver-binding-linux-arm64-gnu@1.11.1 from lock file\nnpm error Missing: @unrs/resolver-binding-linux-arm64-musl@1.11.1 from lock file\nnpm error Missing: @unrs/resolver-binding-linux-ppc64-gnu@1.11.1 from lock file\nnpm error Missing: @unrs/resolver-binding-linux-riscv64-gnu@1.11.1 from lock file\nnpm error Missing: @unrs/resolver-binding-linux-riscv64-musl@1.11.1 from lock file\nnpm error Missing: @unrs/resolver-binding-linux-s390x-gnu@1.11.1 from lock file\nnpm error Missing: @unrs/resolver-binding-linux-x64-gnu@1.11.1 from lock file\nnpm error Missing: @unrs/resolver-binding-linux-x64-musl@1.11.1 from lock file\nnpm error Missing: @unrs/resolver-binding-wasm32-wasi@1.11.1 from lock file\nnpm error Missing: @unrs/resolver-binding-win32-arm64-msvc@1.11.1 from lock file\nnpm error Missing: @unrs/resolver-binding-win32-ia32-msvc@1.11.1 from lock file\nnpm error Missing: @unrs/resolver-binding-win32-x64-msvc@1.11.1 from lock file\nnpm error Missing: napi-postinstall@0.3.4 from lock file\nnpm error Missing: @napi-rs/wasm-runtime@0.2.12 from lock file\nnpm error Missing: @emnapi/core@1.7.0 from lock file\nnpm error Missing: @emnapi/runtime@1.7.0 from lock file\nnpm error Missing: @tybys/wasm-util@0.10.1 from lock file\nnpm error Missing: @emnapi/wasi-threads@1.1.0 from lock file\nnpm error Missing: makeerror@1.0.12 from lock file\nnpm error Missing: tmpl@1.0.5 from lock file\nnpm error Missing: isexe@2.0.0 from lock file\nnpm error Missing: imurmurhash@0.1.4 from lock file\nnpm error Missing: ms@2.1.3 from lock file\nnpm error Missing: yallist@3.1.1 from lock file\nnpm error Missing: ms@2.1.3 from lock file\nnpm error Missing: eastasianwidth@0.2.0 from lock file\nnpm error Missing: emoji-regex@9.2.2 from lock file\nnpm error Missing: ansi-regex@6.2.2 from lock file\nnpm error Missing: ansi-styles@6.2.3 from lock file\nnpm error Missing: ms@2.1.3 from lock file\nnpm error Missing: p-try@2.2.0 from lock file\nnpm error Missing: fs.realpath@1.0.0 from lock file\nnpm error Missing: inflight@1.0.6 from lock file\nnpm error Missing: path-is-absolute@1.0.1 from lock file\nnpm error Missing: brace-expansion@1.1.12 from lock file\nnpm error Missing: concat-map@0.0.1 from lock file\nnpm error\nnpm error Clean install a project\nnpm error\nnpm error Usage:\nnpm error npm ci\nnpm error\nnpm error Options:\nnpm error [--install-strategy <hoisted|nested|shallow|linked>] [--legacy-bundling]\nnpm error [--global-style] [--omit <dev|optional|peer> [--omit <dev|optional|peer> ...]]\nnpm error [--include <prod|dev|optional|peer> [--include <prod|dev|optional|peer> ...]]\nnpm error [--strict-peer-deps] [--foreground-scripts] [--ignore-scripts] [--no-audit]\nnpm error [--no-bin-links] [--no-fund] [--dry-run]\nnpm error [-w|--workspace <workspace-name> [-w|--workspace <workspace-name> ...]]\nnpm error [-ws|--workspaces] [--include-workspace-root] [--install-links]\nnpm error\nnpm error aliases: clean-install, ic, install-clean, isntall-clean\nnpm error\nnpm error Run \"npm help ci\" for more info\nnpm error A complete log of this run can be found in: /www-data-home/.npm/_logs/2025-11-12T00_02_53_146Z-debug-0.log. For more details see the logs at https://console.cloud.google.com/cloud-build/builds;region=us-central1/2303f632-84e3-434c-b483-1afc152dbdd9?project=746607802051."}}
[debug] [2025-11-12T00:03:38.534Z] Got source token undefined for region us-central1
[error] Build failed with status: FAILURE and message: npm error code EUSAGE
npm error
npm error `npm ci` can only install packages when your package.json and package-lock.json or npm-shrinkwrap.json are in sync. Please update your lock file with `npm install` before continuing.
npm error
npm error Missing: jest@30.2.0 from lock file
npm error Missing: @jest/core@30.2.0 from lock file
npm error Missing: @jest/types@30.2.0 from lock file
npm error Missing: import-local@3.2.0 from lock file
npm error Missing: jest-cli@30.2.0 from lock file
npm error Missing: @jest/console@30.2.0 from lock file
npm error Missing: @jest/pattern@30.0.1 from lock file
npm error Missing: @jest/reporters@30.2.0 from lock file
npm error Missing: @jest/test-result@30.2.0 from lock file
npm error Missing: @jest/transform@30.2.0 from lock file
npm error Missing: ansi-escapes@4.3.2 from lock file
npm error Missing: chalk@4.1.2 from lock file
npm error Missing: ci-info@4.3.1 from lock file
npm error Missing: exit-x@0.2.2 from lock file
npm error Missing: graceful-fs@4.2.11 from lock file
npm error Missing: jest-changed-files@30.2.0 from lock file
npm error Missing: jest-config@30.2.0 from lock file
npm error Missing: jest-haste-map@30.2.0 from lock file
npm error Missing: jest-message-util@30.2.0 from lock file
npm error Missing: jest-regex-util@30.0.1 from lock file
npm error Missing: jest-resolve@30.2.0 from lock file
npm error Missing: jest-resolve-dependencies@30.2.0 from lock file
npm error Missing: jest-runner@30.2.0 from lock file
npm error Missing: jest-runtime@30.2.0 from lock file
npm error Missing: jest-snapshot@30.2.0 from lock file
npm error Missing: jest-util@30.2.0 from lock file
npm error Missing: jest-validate@30.2.0 from lock file
npm error Missing: jest-watcher@30.2.0 from lock file
npm error Missing: micromatch@4.0.8 from lock file
npm error Missing: pretty-format@30.2.0 from lock file
npm error Missing: slash@3.0.0 from lock file
npm error Missing: @bcoe/v8-coverage@0.2.3 from lock file
npm error Missing: @jridgewell/trace-mapping@0.3.31 from lock file
npm error Missing: collect-v8-coverage@1.0.3 from lock file
npm error Missing: glob@10.4.5 from lock file
npm error Missing: istanbul-lib-coverage@3.2.2 from lock file
npm error Missing: istanbul-lib-instrument@6.0.3 from lock file
npm error Missing: istanbul-lib-report@3.0.1 from lock file
npm error Missing: istanbul-lib-source-maps@5.0.6 from lock file
npm error Missing: istanbul-reports@3.2.0 from lock file
npm error Missing: jest-worker@30.2.0 from lock file
npm error Missing: string-length@4.0.2 from lock file
npm error Missing: v8-to-istanbul@9.3.0 from lock file
npm error Missing: @types/istanbul-lib-coverage@2.0.6 from lock file
npm error Missing: @babel/core@7.28.5 from lock file
npm error Missing: babel-plugin-istanbul@7.0.1 from lock file
npm error Missing: convert-source-map@2.0.0 from lock file
npm error Missing: fast-json-stable-stringify@2.1.0 from lock file
npm error Missing: pirates@4.0.7 from lock file
npm error Missing: write-file-atomic@5.0.1 from lock file
npm error Missing: @babel/code-frame@7.27.1 from lock file
npm error Missing: @babel/generator@7.28.5 from lock file
npm error Missing: @babel/helper-compilation-targets@7.27.2 from lock file
npm error Missing: @babel/helper-module-transforms@7.28.3 from lock file
npm error Missing: @babel/helpers@7.28.4 from lock file
npm error Missing: @babel/parser@7.28.5 from lock file
npm error Missing: @babel/template@7.27.2 from lock file
npm error Missing: @babel/traverse@7.28.5 from lock file
npm error Missing: @babel/types@7.28.5 from lock file
npm error Missing: @jridgewell/remapping@2.3.5 from lock file
npm error Missing: debug@4.4.3 from lock file
npm error Missing: gensync@1.0.0-beta.2 from lock file
npm error Missing: json5@2.2.3 from lock file
npm error Missing: semver@6.3.1 from lock file
npm error Missing: @babel/helper-validator-identifier@7.28.5 from lock file
npm error Missing: js-tokens@4.0.0 from lock file
npm error Missing: picocolors@1.1.1 from lock file
npm error Missing: @jridgewell/gen-mapping@0.3.13 from lock file
npm error Missing: jsesc@3.1.0 from lock file
npm error Missing: @babel/compat-data@7.28.5 from lock file
npm error Missing: @babel/helper-validator-option@7.27.1 from lock file
npm error Missing: browserslist@4.28.0 from lock file
npm error Missing: lru-cache@5.1.1 from lock file
npm error Missing: semver@6.3.1 from lock file
npm error Missing: @babel/helper-module-imports@7.27.1 from lock file
npm error Missing: @babel/helper-globals@7.28.0 from lock file
npm error Missing: debug@4.4.3 from lock file
npm error Missing: @babel/helper-string-parser@7.27.1 from lock file
npm error Missing: @jest/schemas@30.0.5 from lock file
npm error Missing: @types/istanbul-reports@3.0.4 from lock file
npm error Missing: @types/yargs@17.0.34 from lock file
npm error Missing: @sinclair/typebox@0.34.41 from lock file
npm error Missing: @jridgewell/sourcemap-codec@1.5.5 from lock file
npm error Missing: @jridgewell/resolve-uri@3.1.2 from lock file
npm error Missing: @types/istanbul-lib-report@3.0.3 from lock file
npm error Missing: @types/yargs-parser@21.0.3 from lock file
npm error Missing: type-fest@0.21.3 from lock file
npm error Missing: @babel/helper-plugin-utils@7.27.1 from lock file
npm error Missing: @istanbuljs/load-nyc-config@1.1.0 from lock file
npm error Missing: @istanbuljs/schema@0.1.3 from lock file
npm error Missing: test-exclude@6.0.0 from lock file
npm error Missing: camelcase@5.3.1 from lock file
npm error Missing: find-up@4.1.0 from lock file
npm error Missing: get-package-type@0.1.0 from lock file
npm error Missing: js-yaml@3.14.1 from lock file
npm error Missing: resolve-from@5.0.0 from lock file
npm error Missing: baseline-browser-mapping@2.8.26 from lock file
npm error Missing: caniuse-lite@1.0.30001754 from lock file
npm error Missing: electron-to-chromium@1.5.250 from lock file
npm error Missing: node-releases@2.0.27 from lock file
npm error Missing: update-browserslist-db@1.1.4 from lock file
npm error Missing: supports-color@7.2.0 from lock file
npm error Missing: locate-path@5.0.0 from lock file
npm error Missing: path-exists@4.0.0 from lock file
npm error Missing: foreground-child@3.3.1 from lock file
npm error Missing: jackspeak@3.4.3 from lock file
npm error Missing: minimatch@9.0.5 from lock file
npm error Missing: minipass@7.1.2 from lock file
npm error Missing: package-json-from-dist@1.0.1 from lock file
npm error Missing: path-scurry@1.11.1 from lock file
npm error Missing: cross-spawn@7.0.6 from lock file
npm error Missing: signal-exit@4.1.0 from lock file
npm error Missing: path-key@3.1.1 from lock file
npm error Missing: shebang-command@2.0.0 from lock file
npm error Missing: which@2.0.2 from lock file
npm error Missing: pkg-dir@4.2.0 from lock file
npm error Missing: resolve-cwd@3.0.0 from lock file
npm error Missing: make-dir@4.0.0 from lock file
npm error Missing: debug@4.4.3 from lock file
npm error Missing: html-escaper@2.0.2 from lock file
npm error Missing: @isaacs/cliui@8.0.2 from lock file
npm error Missing: @pkgjs/parseargs@0.11.0 from lock file
npm error Missing: string-width@5.1.2 from lock file
npm error Missing: string-width-cjs@4.2.3 from lock file
npm error Missing: strip-ansi@7.1.2 from lock file
npm error Missing: strip-ansi-cjs@6.0.1 from lock file
npm error Missing: wrap-ansi@8.1.0 from lock file
npm error Missing: wrap-ansi-cjs@7.0.0 from lock file
npm error Missing: execa@5.1.1 from lock file
npm error Missing: get-stream@6.0.1 from lock file
npm error Missing: human-signals@2.1.0 from lock file
npm error Missing: merge-stream@2.0.0 from lock file
npm error Missing: npm-run-path@4.0.1 from lock file
npm error Missing: onetime@5.1.2 from lock file
npm error Missing: signal-exit@3.0.7 from lock file
npm error Missing: strip-final-newline@2.0.0 from lock file
npm error Missing: @jest/get-type@30.1.0 from lock file
npm error Missing: @jest/test-sequencer@30.2.0 from lock file
npm error Missing: babel-jest@30.2.0 from lock file
npm error Missing: deepmerge@4.3.1 from lock file
npm error Missing: jest-circus@30.2.0 from lock file
npm error Missing: jest-docblock@30.2.0 from lock file
npm error Missing: jest-environment-node@30.2.0 from lock file
npm error Missing: parse-json@5.2.0 from lock file
npm error Missing: strip-json-comments@3.1.1 from lock file
npm error Missing: @types/babel__core@7.20.5 from lock file
npm error Missing: babel-preset-jest@30.2.0 from lock file
npm error Missing: @types/babel__generator@7.27.0 from lock file
npm error Missing: @types/babel__template@7.4.4 from lock file
npm error Missing: @types/babel__traverse@7.28.0 from lock file
npm error Missing: babel-plugin-jest-hoist@30.2.0 from lock file
npm error Missing: babel-preset-current-node-syntax@1.2.0 from lock file
npm error Missing: @babel/plugin-syntax-async-generators@7.8.4 from lock file
npm error Missing: @babel/plugin-syntax-bigint@7.8.3 from lock file
npm error Missing: @babel/plugin-syntax-class-properties@7.12.13 from lock file
npm error Missing: @babel/plugin-syntax-class-static-block@7.14.5 from lock file
npm error Missing: @babel/plugin-syntax-import-attributes@7.27.1 from lock file
npm error Missing: @babel/plugin-syntax-import-meta@7.10.4 from lock file
npm error Missing: @babel/plugin-syntax-json-strings@7.8.3 from lock file
npm error Missing: @babel/plugin-syntax-logical-assignment-operators@7.10.4 from lock file
npm error Missing: @babel/plugin-syntax-nullish-coalescing-operator@7.8.3 from lock file
npm error Missing: @babel/plugin-syntax-numeric-separator@7.10.4 from lock file
npm error Missing: @babel/plugin-syntax-object-rest-spread@7.8.3 from lock file
npm error Missing: @babel/plugin-syntax-optional-catch-binding@7.8.3 from lock file
npm error Missing: @babel/plugin-syntax-optional-chaining@7.8.3 from lock file
npm error Missing: @babel/plugin-syntax-private-property-in-object@7.14.5 from lock file
npm error Missing: @babel/plugin-syntax-top-level-await@7.14.5 from lock file
npm error Missing: @jest/environment@30.2.0 from lock file
npm error Missing: @jest/expect@30.2.0 from lock file
npm error Missing: co@4.6.0 from lock file
npm error Missing: dedent@1.7.0 from lock file
npm error Missing: is-generator-fn@2.1.0 from lock file
npm error Missing: jest-each@30.2.0 from lock file
npm error Missing: jest-matcher-utils@30.2.0 from lock file
npm error Missing: pure-rand@7.0.1 from lock file
npm error Missing: stack-utils@2.0.6 from lock file
npm error Missing: @jest/fake-timers@30.2.0 from lock file
npm error Missing: jest-mock@30.2.0 from lock file
npm error Missing: expect@30.2.0 from lock file
npm error Missing: @sinonjs/fake-timers@13.0.5 from lock file
npm error Missing: @sinonjs/commons@3.0.1 from lock file
npm error Missing: type-detect@4.0.8 from lock file
npm error Missing: @jest/expect-utils@30.2.0 from lock file
npm error Missing: detect-newline@3.1.0 from lock file
npm error Missing: anymatch@3.1.3 from lock file
npm error Missing: fb-watchman@2.0.2 from lock file
npm error Missing: fsevents@2.3.3 from lock file
npm error Missing: walker@1.0.8 from lock file
npm error Missing: normalize-path@3.0.0 from lock file
npm error Missing: picomatch@2.3.1 from lock file
npm error Missing: bser@2.1.1 from lock file
npm error Missing: node-int64@0.4.0 from lock file
npm error Missing: jest-diff@30.2.0 from lock file
npm error Missing: @jest/diff-sequences@30.0.1 from lock file
npm error Missing: @types/stack-utils@2.0.3 from lock file
npm error Missing: jest-pnp-resolver@1.2.3 from lock file
npm error Missing: unrs-resolver@1.11.1 from lock file
npm error Missing: emittery@0.13.1 from lock file
npm error Missing: jest-leak-detector@30.2.0 from lock file
npm error Missing: source-map-support@0.5.13 from lock file
npm error Missing: @jest/globals@30.2.0 from lock file
npm error Missing: @jest/source-map@30.0.1 from lock file
npm error Missing: cjs-module-lexer@2.1.1 from lock file
npm error Missing: strip-bom@4.0.0 from lock file
npm error Missing: callsites@3.1.0 from lock file
npm error Missing: @babel/plugin-syntax-jsx@7.27.1 from lock file
npm error Missing: @babel/plugin-syntax-typescript@7.27.1 from lock file
npm error Missing: @jest/snapshot-utils@30.2.0 from lock file
npm error Missing: synckit@0.11.11 from lock file
npm error Missing: natural-compare@1.4.0 from lock file
npm error Missing: picomatch@4.0.3 from lock file
npm error Missing: camelcase@6.3.0 from lock file
npm error Missing: leven@3.1.0 from lock file
npm error Missing: @ungap/structured-clone@1.3.0 from lock file
npm error Missing: supports-color@8.1.1 from lock file
npm error Missing: argparse@1.0.10 from lock file
npm error Missing: esprima@4.0.1 from lock file
npm error Missing: sprintf-js@1.0.3 from lock file
npm error Missing: p-locate@4.1.0 from lock file
npm error Missing: braces@3.0.3 from lock file
npm error Missing: fill-range@7.1.1 from lock file
npm error Missing: to-regex-range@5.0.1 from lock file
npm error Missing: brace-expansion@2.0.2 from lock file
npm error Missing: balanced-match@1.0.2 from lock file
npm error Missing: mimic-fn@2.1.0 from lock file
npm error Missing: p-limit@2.3.0 from lock file
npm error Missing: error-ex@1.3.4 from lock file
npm error Missing: json-parse-even-better-errors@2.3.1 from lock file
npm error Missing: lines-and-columns@1.2.4 from lock file
npm error Missing: is-arrayish@0.2.1 from lock file
npm error Missing: lru-cache@10.4.3 from lock file
npm error Missing: ansi-styles@5.2.0 from lock file
npm error Missing: react-is@18.3.1 from lock file
npm error Missing: shebang-regex@3.0.0 from lock file
npm error Missing: buffer-from@1.1.2 from lock file
npm error Missing: source-map@0.6.1 from lock file
npm error Missing: escape-string-regexp@2.0.0 from lock file
npm error Missing: char-regex@1.0.2 from lock file
npm error Missing: has-flag@4.0.0 from lock file
npm error Missing: @pkgr/core@0.2.9 from lock file
npm error Missing: glob@7.2.3 from lock file
npm error Missing: minimatch@3.1.2 from lock file
npm error Missing: is-number@7.0.0 from lock file
npm error Missing: @unrs/resolver-binding-android-arm-eabi@1.11.1 from lock file
npm error Missing: @unrs/resolver-binding-android-arm64@1.11.1 from lock file
npm error Missing: @unrs/resolver-binding-darwin-arm64@1.11.1 from lock file
npm error Missing: @unrs/resolver-binding-darwin-x64@1.11.1 from lock file
npm error Missing: @unrs/resolver-binding-freebsd-x64@1.11.1 from lock file
npm error Missing: @unrs/resolver-binding-linux-arm-gnueabihf@1.11.1 from lock file
npm error Missing: @unrs/resolver-binding-linux-arm-musleabihf@1.11.1 from lock file
npm error Missing: @unrs/resolver-binding-linux-arm64-gnu@1.11.1 from lock file
npm error Missing: @unrs/resolver-binding-linux-arm64-musl@1.11.1 from lock file
npm error Missing: @unrs/resolver-binding-linux-ppc64-gnu@1.11.1 from lock file
npm error Missing: @unrs/resolver-binding-linux-riscv64-gnu@1.11.1 from lock file
npm error Missing: @unrs/resolver-binding-linux-riscv64-musl@1.11.1 from lock file
npm error Missing: @unrs/resolver-binding-linux-s390x-gnu@1.11.1 from lock file
npm error Missing: @unrs/resolver-binding-linux-x64-gnu@1.11.1 from lock file
npm error Missing: @unrs/resolver-binding-linux-x64-musl@1.11.1 from lock file
npm error Missing: @unrs/resolver-binding-wasm32-wasi@1.11.1 from lock file
npm error Missing: @unrs/resolver-binding-win32-arm64-msvc@1.11.1 from lock file
npm error Missing: @unrs/resolver-binding-win32-ia32-msvc@1.11.1 from lock file
npm error Missing: @unrs/resolver-binding-win32-x64-msvc@1.11.1 from lock file
npm error Missing: napi-postinstall@0.3.4 from lock file
npm error Missing: @napi-rs/wasm-runtime@0.2.12 from lock file
npm error Missing: @emnapi/core@1.7.0 from lock file
npm error Missing: @emnapi/runtime@1.7.0 from lock file
npm error Missing: @tybys/wasm-util@0.10.1 from lock file
npm error Missing: @emnapi/wasi-threads@1.1.0 from lock file
npm error Missing: makeerror@1.0.12 from lock file
npm error Missing: tmpl@1.0.5 from lock file
npm error Missing: isexe@2.0.0 from lock file
npm error Missing: imurmurhash@0.1.4 from lock file
npm error Missing: ms@2.1.3 from lock file
npm error Missing: yallist@3.1.1 from lock file
npm error Missing: ms@2.1.3 from lock file
npm error Missing: eastasianwidth@0.2.0 from lock file
npm error Missing: emoji-regex@9.2.2 from lock file
npm error Missing: ansi-regex@6.2.2 from lock file
npm error Missing: ansi-styles@6.2.3 from lock file
npm error Missing: ms@2.1.3 from lock file
npm error Missing: p-try@2.2.0 from lock file
npm error Missing: fs.realpath@1.0.0 from lock file
npm error Missing: inflight@1.0.6 from lock file
npm error Missing: path-is-absolute@1.0.1 from lock file
npm error Missing: brace-expansion@1.1.12 from lock file
npm error Missing: concat-map@0.0.1 from lock file
npm error
npm error Clean install a project
npm error
npm error Usage:
npm error npm ci
npm error
npm error Options:
npm error [--install-strategy <hoisted|nested|shallow|linked>] [--legacy-bundling]
npm error [--global-style] [--omit <dev|optional|peer> [--omit <dev|optional|peer> ...]]
npm error [--include <prod|dev|optional|peer> [--include <prod|dev|optional|peer> ...]]
npm error [--strict-peer-deps] [--foreground-scripts] [--ignore-scripts] [--no-audit]
npm error [--no-bin-links] [--no-fund] [--dry-run]
npm error [-w|--workspace <workspace-name> [-w|--workspace <workspace-name> ...]]
npm error [-ws|--workspaces] [--include-workspace-root] [--install-links]
npm error
npm error aliases: clean-install, ic, install-clean, isntall-clean
npm error
npm error Run "npm help ci" for more info
npm error A complete log of this run can be found in: /www-data-home/.npm/_logs/2025-11-12T00_02_53_146Z-debug-0.log. For more details see the logs at https://console.cloud.google.com/cloud-build/builds;region=us-central1/2303f632-84e3-434c-b483-1afc152dbdd9?project=746607802051.
[debug] [2025-11-12T00:03:38.542Z] Total Function Deployment time: 64424
[debug] [2025-11-12T00:03:38.542Z] 1 Functions Deployed
[debug] [2025-11-12T00:03:38.542Z] 1 Functions Errored
[debug] [2025-11-12T00:03:38.542Z] 0 Function Deployments Aborted
[debug] [2025-11-12T00:03:38.542Z] Average Function Deployment time: 64423
[info] 
[info] Functions deploy had errors with the following functions:
	onDeviceStatusChange(us-central1)
[debug] [2025-11-12T00:03:38.669Z] Checked if tokens are valid: true, expires at: 1762908958528
[debug] [2025-11-12T00:03:38.669Z] Checked if tokens are valid: true, expires at: 1762908958528
[debug] [2025-11-12T00:03:38.669Z] >>> [apiv2][query] GET https://artifactregistry.googleapis.com/v1/projects/voltfox-b1cef/locations/us-central1/repositories/gcf-artifacts [none]
[debug] [2025-11-12T00:03:39.437Z] <<< [apiv2][status] GET https://artifactregistry.googleapis.com/v1/projects/voltfox-b1cef/locations/us-central1/repositories/gcf-artifacts 200
[debug] [2025-11-12T00:03:39.437Z] <<< [apiv2][body] GET https://artifactregistry.googleapis.com/v1/projects/voltfox-b1cef/locations/us-central1/repositories/gcf-artifacts {"name":"projects/voltfox-b1cef/locations/us-central1/repositories/gcf-artifacts","format":"DOCKER","description":"This repository is created and used by Cloud Functions for storing function docker images.","labels":{"goog-managed-by":"cloudfunctions"},"createTime":"2025-11-11T22:24:09.141037Z","updateTime":"2025-11-11T22:53:47.049213Z","mode":"STANDARD_REPOSITORY","cleanupPolicies":{"firebase-functions-cleanup":{"id":"firebase-functions-cleanup","action":"DELETE","condition":{"tagState":"ANY","olderThan":"86400s"}}},"sizeBytes":"89747974","vulnerabilityScanningConfig":{"lastEnableTime":"2025-11-11T22:23:59.525314166Z","enablementState":"SCANNING_DISABLED","enablementStateReason":"API containerscanning.googleapis.com is not enabled."},"satisfiesPzi":true,"registryUri":"us-central1-docker.pkg.dev/voltfox-b1cef/gcf-artifacts"}
[debug] [2025-11-12T00:03:39.437Z] Functions deploy failed.
[debug] [2025-11-12T00:03:39.437Z] {
  "endpoint": {
    "id": "onDeviceStatusChange",
    "project": "voltfox-b1cef",
    "region": "us-central1",
    "entryPoint": "onDeviceStatusChange",
    "platform": "gcfv2",
    "runtime": "nodejs20",
    "eventTrigger": {
      "eventType": "google.cloud.firestore.document.v1.updated",
      "retry": false,
      "eventFilters": {
        "database": "(default)",
        "namespace": "(default)"
      },
      "eventFilterPathPatterns": {
        "document": "users/{userId}/devices/{deviceId}"
      },
      "region": "eur3"
    },
    "labels": {
      "deployment-tool": "cli-firebase"
    },
    "secretEnvironmentVariables": [
      {
        "key": "RESEND_API_KEY",
        "secret": "RESEND_API_KEY",
        "projectId": "voltfox-b1cef",
        "version": "1"
      }
    ],
    "serviceAccount": null,
    "ingressSettings": null,
    "availableMemoryMb": null,
    "timeoutSeconds": null,
    "maxInstances": null,
    "minInstances": null,
    "concurrency": 80,
    "vpc": null,
    "environmentVariables": {
      "FIREBASE_CONFIG": "{\"projectId\":\"voltfox-b1cef\",\"storageBucket\":\"voltfox-b1cef.firebasestorage.app\"}",
      "GCLOUD_PROJECT": "voltfox-b1cef",
      "EVENTARC_CLOUD_EVENT_SOURCE": "projects/voltfox-b1cef/locations/us-central1/services/onDeviceStatusChange"
    },
    "codebase": "default",
    "cpu": 1,
    "targetedByOnly": true,
    "hash": "3777c2666aa278c4fedf787ad71773a323abb4cb"
  },
  "op": "create",
  "original": {
    "name": "FirebaseError",
    "children": [],
    "exit": 1,
    "message": "Build failed with status: FAILURE and message: npm error code EUSAGE\nnpm error\nnpm error `npm ci` can only install packages when your package.json and package-lock.json or npm-shrinkwrap.json are in sync. Please update your lock file with `npm install` before continuing.\nnpm error\nnpm error Missing: jest@30.2.0 from lock file\nnpm error Missing: @jest/core@30.2.0 from lock file\nnpm error Missing: @jest/types@30.2.0 from lock file\nnpm error Missing: import-local@3.2.0 from lock file\nnpm error Missing: jest-cli@30.2.0 from lock file\nnpm error Missing: @jest/console@30.2.0 from lock file\nnpm error Missing: @jest/pattern@30.0.1 from lock file\nnpm error Missing: @jest/reporters@30.2.0 from lock file\nnpm error Missing: @jest/test-result@30.2.0 from lock file\nnpm error Missing: @jest/transform@30.2.0 from lock file\nnpm error Missing: ansi-escapes@4.3.2 from lock file\nnpm error Missing: chalk@4.1.2 from lock file\nnpm error Missing: ci-info@4.3.1 from lock file\nnpm error Missing: exit-x@0.2.2 from lock file\nnpm error Missing: graceful-fs@4.2.11 from lock file\nnpm error Missing: jest-changed-files@30.2.0 from lock file\nnpm error Missing: jest-config@30.2.0 from lock file\nnpm error Missing: jest-haste-map@30.2.0 from lock file\nnpm error Missing: jest-message-util@30.2.0 from lock file\nnpm error Missing: jest-regex-util@30.0.1 from lock file\nnpm error Missing: jest-resolve@30.2.0 from lock file\nnpm error Missing: jest-resolve-dependencies@30.2.0 from lock file\nnpm error Missing: jest-runner@30.2.0 from lock file\nnpm error Missing: jest-runtime@30.2.0 from lock file\nnpm error Missing: jest-snapshot@30.2.0 from lock file\nnpm error Missing: jest-util@30.2.0 from lock file\nnpm error Missing: jest-validate@30.2.0 from lock file\nnpm error Missing: jest-watcher@30.2.0 from lock file\nnpm error Missing: micromatch@4.0.8 from lock file\nnpm error Missing: pretty-format@30.2.0 from lock file\nnpm error Missing: slash@3.0.0 from lock file\nnpm error Missing: @bcoe/v8-coverage@0.2.3 from lock file\nnpm error Missing: @jridgewell/trace-mapping@0.3.31 from lock file\nnpm error Missing: collect-v8-coverage@1.0.3 from lock file\nnpm error Missing: glob@10.4.5 from lock file\nnpm error Missing: istanbul-lib-coverage@3.2.2 from lock file\nnpm error Missing: istanbul-lib-instrument@6.0.3 from lock file\nnpm error Missing: istanbul-lib-report@3.0.1 from lock file\nnpm error Missing: istanbul-lib-source-maps@5.0.6 from lock file\nnpm error Missing: istanbul-reports@3.2.0 from lock file\nnpm error Missing: jest-worker@30.2.0 from lock file\nnpm error Missing: string-length@4.0.2 from lock file\nnpm error Missing: v8-to-istanbul@9.3.0 from lock file\nnpm error Missing: @types/istanbul-lib-coverage@2.0.6 from lock file\nnpm error Missing: @babel/core@7.28.5 from lock file\nnpm error Missing: babel-plugin-istanbul@7.0.1 from lock file\nnpm error Missing: convert-source-map@2.0.0 from lock file\nnpm error Missing: fast-json-stable-stringify@2.1.0 from lock file\nnpm error Missing: pirates@4.0.7 from lock file\nnpm error Missing: write-file-atomic@5.0.1 from lock file\nnpm error Missing: @babel/code-frame@7.27.1 from lock file\nnpm error Missing: @babel/generator@7.28.5 from lock file\nnpm error Missing: @babel/helper-compilation-targets@7.27.2 from lock file\nnpm error Missing: @babel/helper-module-transforms@7.28.3 from lock file\nnpm error Missing: @babel/helpers@7.28.4 from lock file\nnpm error Missing: @babel/parser@7.28.5 from lock file\nnpm error Missing: @babel/template@7.27.2 from lock file\nnpm error Missing: @babel/traverse@7.28.5 from lock file\nnpm error Missing: @babel/types@7.28.5 from lock file\nnpm error Missing: @jridgewell/remapping@2.3.5 from lock file\nnpm error Missing: debug@4.4.3 from lock file\nnpm error Missing: gensync@1.0.0-beta.2 from lock file\nnpm error Missing: json5@2.2.3 from lock file\nnpm error Missing: semver@6.3.1 from lock file\nnpm error Missing: @babel/helper-validator-identifier@7.28.5 from lock file\nnpm error Missing: js-tokens@4.0.0 from lock file\nnpm error Missing: picocolors@1.1.1 from lock file\nnpm error Missing: @jridgewell/gen-mapping@0.3.13 from lock file\nnpm error Missing: jsesc@3.1.0 from lock file\nnpm error Missing: @babel/compat-data@7.28.5 from lock file\nnpm error Missing: @babel/helper-validator-option@7.27.1 from lock file\nnpm error Missing: browserslist@4.28.0 from lock file\nnpm error Missing: lru-cache@5.1.1 from lock file\nnpm error Missing: semver@6.3.1 from lock file\nnpm error Missing: @babel/helper-module-imports@7.27.1 from lock file\nnpm error Missing: @babel/helper-globals@7.28.0 from lock file\nnpm error Missing: debug@4.4.3 from lock file\nnpm error Missing: @babel/helper-string-parser@7.27.1 from lock file\nnpm error Missing: @jest/schemas@30.0.5 from lock file\nnpm error Missing: @types/istanbul-reports@3.0.4 from lock file\nnpm error Missing: @types/yargs@17.0.34 from lock file\nnpm error Missing: @sinclair/typebox@0.34.41 from lock file\nnpm error Missing: @jridgewell/sourcemap-codec@1.5.5 from lock file\nnpm error Missing: @jridgewell/resolve-uri@3.1.2 from lock file\nnpm error Missing: @types/istanbul-lib-report@3.0.3 from lock file\nnpm error Missing: @types/yargs-parser@21.0.3 from lock file\nnpm error Missing: type-fest@0.21.3 from lock file\nnpm error Missing: @babel/helper-plugin-utils@7.27.1 from lock file\nnpm error Missing: @istanbuljs/load-nyc-config@1.1.0 from lock file\nnpm error Missing: @istanbuljs/schema@0.1.3 from lock file\nnpm error Missing: test-exclude@6.0.0 from lock file\nnpm error Missing: camelcase@5.3.1 from lock file\nnpm error Missing: find-up@4.1.0 from lock file\nnpm error Missing: get-package-type@0.1.0 from lock file\nnpm error Missing: js-yaml@3.14.1 from lock file\nnpm error Missing: resolve-from@5.0.0 from lock file\nnpm error Missing: baseline-browser-mapping@2.8.26 from lock file\nnpm error Missing: caniuse-lite@1.0.30001754 from lock file\nnpm error Missing: electron-to-chromium@1.5.250 from lock file\nnpm error Missing: node-releases@2.0.27 from lock file\nnpm error Missing: update-browserslist-db@1.1.4 from lock file\nnpm error Missing: supports-color@7.2.0 from lock file\nnpm error Missing: locate-path@5.0.0 from lock file\nnpm error Missing: path-exists@4.0.0 from lock file\nnpm error Missing: foreground-child@3.3.1 from lock file\nnpm error Missing: jackspeak@3.4.3 from lock file\nnpm error Missing: minimatch@9.0.5 from lock file\nnpm error Missing: minipass@7.1.2 from lock file\nnpm error Missing: package-json-from-dist@1.0.1 from lock file\nnpm error Missing: path-scurry@1.11.1 from lock file\nnpm error Missing: cross-spawn@7.0.6 from lock file\nnpm error Missing: signal-exit@4.1.0 from lock file\nnpm error Missing: path-key@3.1.1 from lock file\nnpm error Missing: shebang-command@2.0.0 from lock file\nnpm error Missing: which@2.0.2 from lock file\nnpm error Missing: pkg-dir@4.2.0 from lock file\nnpm error Missing: resolve-cwd@3.0.0 from lock file\nnpm error Missing: make-dir@4.0.0 from lock file\nnpm error Missing: debug@4.4.3 from lock file\nnpm error Missing: html-escaper@2.0.2 from lock file\nnpm error Missing: @isaacs/cliui@8.0.2 from lock file\nnpm error Missing: @pkgjs/parseargs@0.11.0 from lock file\nnpm error Missing: string-width@5.1.2 from lock file\nnpm error Missing: string-width-cjs@4.2.3 from lock file\nnpm error Missing: strip-ansi@7.1.2 from lock file\nnpm error Missing: strip-ansi-cjs@6.0.1 from lock file\nnpm error Missing: wrap-ansi@8.1.0 from lock file\nnpm error Missing: wrap-ansi-cjs@7.0.0 from lock file\nnpm error Missing: execa@5.1.1 from lock file\nnpm error Missing: get-stream@6.0.1 from lock file\nnpm error Missing: human-signals@2.1.0 from lock file\nnpm error Missing: merge-stream@2.0.0 from lock file\nnpm error Missing: npm-run-path@4.0.1 from lock file\nnpm error Missing: onetime@5.1.2 from lock file\nnpm error Missing: signal-exit@3.0.7 from lock file\nnpm error Missing: strip-final-newline@2.0.0 from lock file\nnpm error Missing: @jest/get-type@30.1.0 from lock file\nnpm error Missing: @jest/test-sequencer@30.2.0 from lock file\nnpm error Missing: babel-jest@30.2.0 from lock file\nnpm error Missing: deepmerge@4.3.1 from lock file\nnpm error Missing: jest-circus@30.2.0 from lock file\nnpm error Missing: jest-docblock@30.2.0 from lock file\nnpm error Missing: jest-environment-node@30.2.0 from lock file\nnpm error Missing: parse-json@5.2.0 from lock file\nnpm error Missing: strip-json-comments@3.1.1 from lock file\nnpm error Missing: @types/babel__core@7.20.5 from lock file\nnpm error Missing: babel-preset-jest@30.2.0 from lock file\nnpm error Missing: @types/babel__generator@7.27.0 from lock file\nnpm error Missing: @types/babel__template@7.4.4 from lock file\nnpm error Missing: @types/babel__traverse@7.28.0 from lock file\nnpm error Missing: babel-plugin-jest-hoist@30.2.0 from lock file\nnpm error Missing: babel-preset-current-node-syntax@1.2.0 from lock file\nnpm error Missing: @babel/plugin-syntax-async-generators@7.8.4 from lock file\nnpm error Missing: @babel/plugin-syntax-bigint@7.8.3 from lock file\nnpm error Missing: @babel/plugin-syntax-class-properties@7.12.13 from lock file\nnpm error Missing: @babel/plugin-syntax-class-static-block@7.14.5 from lock file\nnpm error Missing: @babel/plugin-syntax-import-attributes@7.27.1 from lock file\nnpm error Missing: @babel/plugin-syntax-import-meta@7.10.4 from lock file\nnpm error Missing: @babel/plugin-syntax-json-strings@7.8.3 from lock file\nnpm error Missing: @babel/plugin-syntax-logical-assignment-operators@7.10.4 from lock file\nnpm error Missing: @babel/plugin-syntax-nullish-coalescing-operator@7.8.3 from lock file\nnpm error Missing: @babel/plugin-syntax-numeric-separator@7.10.4 from lock file\nnpm error Missing: @babel/plugin-syntax-object-rest-spread@7.8.3 from lock file\nnpm error Missing: @babel/plugin-syntax-optional-catch-binding@7.8.3 from lock file\nnpm error Missing: @babel/plugin-syntax-optional-chaining@7.8.3 from lock file\nnpm error Missing: @babel/plugin-syntax-private-property-in-object@7.14.5 from lock file\nnpm error Missing: @babel/plugin-syntax-top-level-await@7.14.5 from lock file\nnpm error Missing: @jest/environment@30.2.0 from lock file\nnpm error Missing: @jest/expect@30.2.0 from lock file\nnpm error Missing: co@4.6.0 from lock file\nnpm error Missing: dedent@1.7.0 from lock file\nnpm error Missing: is-generator-fn@2.1.0 from lock file\nnpm error Missing: jest-each@30.2.0 from lock file\nnpm error Missing: jest-matcher-utils@30.2.0 from lock file\nnpm error Missing: pure-rand@7.0.1 from lock file\nnpm error Missing: stack-utils@2.0.6 from lock file\nnpm error Missing: @jest/fake-timers@30.2.0 from lock file\nnpm error Missing: jest-mock@30.2.0 from lock file\nnpm error Missing: expect@30.2.0 from lock file\nnpm error Missing: @sinonjs/fake-timers@13.0.5 from lock file\nnpm error Missing: @sinonjs/commons@3.0.1 from lock file\nnpm error Missing: type-detect@4.0.8 from lock file\nnpm error Missing: @jest/expect-utils@30.2.0 from lock file\nnpm error Missing: detect-newline@3.1.0 from lock file\nnpm error Missing: anymatch@3.1.3 from lock file\nnpm error Missing: fb-watchman@2.0.2 from lock file\nnpm error Missing: fsevents@2.3.3 from lock file\nnpm error Missing: walker@1.0.8 from lock file\nnpm error Missing: normalize-path@3.0.0 from lock file\nnpm error Missing: picomatch@2.3.1 from lock file\nnpm error Missing: bser@2.1.1 from lock file\nnpm error Missing: node-int64@0.4.0 from lock file\nnpm error Missing: jest-diff@30.2.0 from lock file\nnpm error Missing: @jest/diff-sequences@30.0.1 from lock file\nnpm error Missing: @types/stack-utils@2.0.3 from lock file\nnpm error Missing: jest-pnp-resolver@1.2.3 from lock file\nnpm error Missing: unrs-resolver@1.11.1 from lock file\nnpm error Missing: emittery@0.13.1 from lock file\nnpm error Missing: jest-leak-detector@30.2.0 from lock file\nnpm error Missing: source-map-support@0.5.13 from lock file\nnpm error Missing: @jest/globals@30.2.0 from lock file\nnpm error Missing: @jest/source-map@30.0.1 from lock file\nnpm error Missing: cjs-module-lexer@2.1.1 from lock file\nnpm error Missing: strip-bom@4.0.0 from lock file\nnpm error Missing: callsites@3.1.0 from lock file\nnpm error Missing: @babel/plugin-syntax-jsx@7.27.1 from lock file\nnpm error Missing: @babel/plugin-syntax-typescript@7.27.1 from lock file\nnpm error Missing: @jest/snapshot-utils@30.2.0 from lock file\nnpm error Missing: synckit@0.11.11 from lock file\nnpm error Missing: natural-compare@1.4.0 from lock file\nnpm error Missing: picomatch@4.0.3 from lock file\nnpm error Missing: camelcase@6.3.0 from lock file\nnpm error Missing: leven@3.1.0 from lock file\nnpm error Missing: @ungap/structured-clone@1.3.0 from lock file\nnpm error Missing: supports-color@8.1.1 from lock file\nnpm error Missing: argparse@1.0.10 from lock file\nnpm error Missing: esprima@4.0.1 from lock file\nnpm error Missing: sprintf-js@1.0.3 from lock file\nnpm error Missing: p-locate@4.1.0 from lock file\nnpm error Missing: braces@3.0.3 from lock file\nnpm error Missing: fill-range@7.1.1 from lock file\nnpm error Missing: to-regex-range@5.0.1 from lock file\nnpm error Missing: brace-expansion@2.0.2 from lock file\nnpm error Missing: balanced-match@1.0.2 from lock file\nnpm error Missing: mimic-fn@2.1.0 from lock file\nnpm error Missing: p-limit@2.3.0 from lock file\nnpm error Missing: error-ex@1.3.4 from lock file\nnpm error Missing: json-parse-even-better-errors@2.3.1 from lock file\nnpm error Missing: lines-and-columns@1.2.4 from lock file\nnpm error Missing: is-arrayish@0.2.1 from lock file\nnpm error Missing: lru-cache@10.4.3 from lock file\nnpm error Missing: ansi-styles@5.2.0 from lock file\nnpm error Missing: react-is@18.3.1 from lock file\nnpm error Missing: shebang-regex@3.0.0 from lock file\nnpm error Missing: buffer-from@1.1.2 from lock file\nnpm error Missing: source-map@0.6.1 from lock file\nnpm error Missing: escape-string-regexp@2.0.0 from lock file\nnpm error Missing: char-regex@1.0.2 from lock file\nnpm error Missing: has-flag@4.0.0 from lock file\nnpm error Missing: @pkgr/core@0.2.9 from lock file\nnpm error Missing: glob@7.2.3 from lock file\nnpm error Missing: minimatch@3.1.2 from lock file\nnpm error Missing: is-number@7.0.0 from lock file\nnpm error Missing: @unrs/resolver-binding-android-arm-eabi@1.11.1 from lock file\nnpm error Missing: @unrs/resolver-binding-android-arm64@1.11.1 from lock file\nnpm error Missing: @unrs/resolver-binding-darwin-arm64@1.11.1 from lock file\nnpm error Missing: @unrs/resolver-binding-darwin-x64@1.11.1 from lock file\nnpm error Missing: @unrs/resolver-binding-freebsd-x64@1.11.1 from lock file\nnpm error Missing: @unrs/resolver-binding-linux-arm-gnueabihf@1.11.1 from lock file\nnpm error Missing: @unrs/resolver-binding-linux-arm-musleabihf@1.11.1 from lock file\nnpm error Missing: @unrs/resolver-binding-linux-arm64-gnu@1.11.1 from lock file\nnpm error Missing: @unrs/resolver-binding-linux-arm64-musl@1.11.1 from lock file\nnpm error Missing: @unrs/resolver-binding-linux-ppc64-gnu@1.11.1 from lock file\nnpm error Missing: @unrs/resolver-binding-linux-riscv64-gnu@1.11.1 from lock file\nnpm error Missing: @unrs/resolver-binding-linux-riscv64-musl@1.11.1 from lock file\nnpm error Missing: @unrs/resolver-binding-linux-s390x-gnu@1.11.1 from lock file\nnpm error Missing: @unrs/resolver-binding-linux-x64-gnu@1.11.1 from lock file\nnpm error Missing: @unrs/resolver-binding-linux-x64-musl@1.11.1 from lock file\nnpm error Missing: @unrs/resolver-binding-wasm32-wasi@1.11.1 from lock file\nnpm error Missing: @unrs/resolver-binding-win32-arm64-msvc@1.11.1 from lock file\nnpm error Missing: @unrs/resolver-binding-win32-ia32-msvc@1.11.1 from lock file\nnpm error Missing: @unrs/resolver-binding-win32-x64-msvc@1.11.1 from lock file\nnpm error Missing: napi-postinstall@0.3.4 from lock file\nnpm error Missing: @napi-rs/wasm-runtime@0.2.12 from lock file\nnpm error Missing: @emnapi/core@1.7.0 from lock file\nnpm error Missing: @emnapi/runtime@1.7.0 from lock file\nnpm error Missing: @tybys/wasm-util@0.10.1 from lock file\nnpm error Missing: @emnapi/wasi-threads@1.1.0 from lock file\nnpm error Missing: makeerror@1.0.12 from lock file\nnpm error Missing: tmpl@1.0.5 from lock file\nnpm error Missing: isexe@2.0.0 from lock file\nnpm error Missing: imurmurhash@0.1.4 from lock file\nnpm error Missing: ms@2.1.3 from lock file\nnpm error Missing: yallist@3.1.1 from lock file\nnpm error Missing: ms@2.1.3 from lock file\nnpm error Missing: eastasianwidth@0.2.0 from lock file\nnpm error Missing: emoji-regex@9.2.2 from lock file\nnpm error Missing: ansi-regex@6.2.2 from lock file\nnpm error Missing: ansi-styles@6.2.3 from lock file\nnpm error Missing: ms@2.1.3 from lock file\nnpm error Missing: p-try@2.2.0 from lock file\nnpm error Missing: fs.realpath@1.0.0 from lock file\nnpm error Missing: inflight@1.0.6 from lock file\nnpm error Missing: path-is-absolute@1.0.1 from lock file\nnpm error Missing: brace-expansion@1.1.12 from lock file\nnpm error Missing: concat-map@0.0.1 from lock file\nnpm error\nnpm error Clean install a project\nnpm error\nnpm error Usage:\nnpm error npm ci\nnpm error\nnpm error Options:\nnpm error [--install-strategy <hoisted|nested|shallow|linked>] [--legacy-bundling]\nnpm error [--global-style] [--omit <dev|optional|peer> [--omit <dev|optional|peer> ...]]\nnpm error [--include <prod|dev|optional|peer> [--include <prod|dev|optional|peer> ...]]\nnpm error [--strict-peer-deps] [--foreground-scripts] [--ignore-scripts] [--no-audit]\nnpm error [--no-bin-links] [--no-fund] [--dry-run]\nnpm error [-w|--workspace <workspace-name> [-w|--workspace <workspace-name> ...]]\nnpm error [-ws|--workspaces] [--include-workspace-root] [--install-links]\nnpm error\nnpm error aliases: clean-install, ic, install-clean, isntall-clean\nnpm error\nnpm error Run \"npm help ci\" for more info\nnpm error A complete log of this run can be found in: /www-data-home/.npm/_logs/2025-11-12T00_02_53_146Z-debug-0.log. For more details see the logs at https://console.cloud.google.com/cloud-build/builds;region=us-central1/2303f632-84e3-434c-b483-1afc152dbdd9?project=746607802051.",
    "original": {
      "code": 3,
      "message": "Build failed with status: FAILURE and message: npm error code EUSAGE\nnpm error\nnpm error `npm ci` can only install packages when your package.json and package-lock.json or npm-shrinkwrap.json are in sync. Please update your lock file with `npm install` before continuing.\nnpm error\nnpm error Missing: jest@30.2.0 from lock file\nnpm error Missing: @jest/core@30.2.0 from lock file\nnpm error Missing: @jest/types@30.2.0 from lock file\nnpm error Missing: import-local@3.2.0 from lock file\nnpm error Missing: jest-cli@30.2.0 from lock file\nnpm error Missing: @jest/console@30.2.0 from lock file\nnpm error Missing: @jest/pattern@30.0.1 from lock file\nnpm error Missing: @jest/reporters@30.2.0 from lock file\nnpm error Missing: @jest/test-result@30.2.0 from lock file\nnpm error Missing: @jest/transform@30.2.0 from lock file\nnpm error Missing: ansi-escapes@4.3.2 from lock file\nnpm error Missing: chalk@4.1.2 from lock file\nnpm error Missing: ci-info@4.3.1 from lock file\nnpm error Missing: exit-x@0.2.2 from lock file\nnpm error Missing: graceful-fs@4.2.11 from lock file\nnpm error Missing: jest-changed-files@30.2.0 from lock file\nnpm error Missing: jest-config@30.2.0 from lock file\nnpm error Missing: jest-haste-map@30.2.0 from lock file\nnpm error Missing: jest-message-util@30.2.0 from lock file\nnpm error Missing: jest-regex-util@30.0.1 from lock file\nnpm error Missing: jest-resolve@30.2.0 from lock file\nnpm error Missing: jest-resolve-dependencies@30.2.0 from lock file\nnpm error Missing: jest-runner@30.2.0 from lock file\nnpm error Missing: jest-runtime@30.2.0 from lock file\nnpm error Missing: jest-snapshot@30.2.0 from lock file\nnpm error Missing: jest-util@30.2.0 from lock file\nnpm error Missing: jest-validate@30.2.0 from lock file\nnpm error Missing: jest-watcher@30.2.0 from lock file\nnpm error Missing: micromatch@4.0.8 from lock file\nnpm error Missing: pretty-format@30.2.0 from lock file\nnpm error Missing: slash@3.0.0 from lock file\nnpm error Missing: @bcoe/v8-coverage@0.2.3 from lock file\nnpm error Missing: @jridgewell/trace-mapping@0.3.31 from lock file\nnpm error Missing: collect-v8-coverage@1.0.3 from lock file\nnpm error Missing: glob@10.4.5 from lock file\nnpm error Missing: istanbul-lib-coverage@3.2.2 from lock file\nnpm error Missing: istanbul-lib-instrument@6.0.3 from lock file\nnpm error Missing: istanbul-lib-report@3.0.1 from lock file\nnpm error Missing: istanbul-lib-source-maps@5.0.6 from lock file\nnpm error Missing: istanbul-reports@3.2.0 from lock file\nnpm error Missing: jest-worker@30.2.0 from lock file\nnpm error Missing: string-length@4.0.2 from lock file\nnpm error Missing: v8-to-istanbul@9.3.0 from lock file\nnpm error Missing: @types/istanbul-lib-coverage@2.0.6 from lock file\nnpm error Missing: @babel/core@7.28.5 from lock file\nnpm error Missing: babel-plugin-istanbul@7.0.1 from lock file\nnpm error Missing: convert-source-map@2.0.0 from lock file\nnpm error Missing: fast-json-stable-stringify@2.1.0 from lock file\nnpm error Missing: pirates@4.0.7 from lock file\nnpm error Missing: write-file-atomic@5.0.1 from lock file\nnpm error Missing: @babel/code-frame@7.27.1 from lock file\nnpm error Missing: @babel/generator@7.28.5 from lock file\nnpm error Missing: @babel/helper-compilation-targets@7.27.2 from lock file\nnpm error Missing: @babel/helper-module-transforms@7.28.3 from lock file\nnpm error Missing: @babel/helpers@7.28.4 from lock file\nnpm error Missing: @babel/parser@7.28.5 from lock file\nnpm error Missing: @babel/template@7.27.2 from lock file\nnpm error Missing: @babel/traverse@7.28.5 from lock file\nnpm error Missing: @babel/types@7.28.5 from lock file\nnpm error Missing: @jridgewell/remapping@2.3.5 from lock file\nnpm error Missing: debug@4.4.3 from lock file\nnpm error Missing: gensync@1.0.0-beta.2 from lock file\nnpm error Missing: json5@2.2.3 from lock file\nnpm error Missing: semver@6.3.1 from lock file\nnpm error Missing: @babel/helper-validator-identifier@7.28.5 from lock file\nnpm error Missing: js-tokens@4.0.0 from lock file\nnpm error Missing: picocolors@1.1.1 from lock file\nnpm error Missing: @jridgewell/gen-mapping@0.3.13 from lock file\nnpm error Missing: jsesc@3.1.0 from lock file\nnpm error Missing: @babel/compat-data@7.28.5 from lock file\nnpm error Missing: @babel/helper-validator-option@7.27.1 from lock file\nnpm error Missing: browserslist@4.28.0 from lock file\nnpm error Missing: lru-cache@5.1.1 from lock file\nnpm error Missing: semver@6.3.1 from lock file\nnpm error Missing: @babel/helper-module-imports@7.27.1 from lock file\nnpm error Missing: @babel/helper-globals@7.28.0 from lock file\nnpm error Missing: debug@4.4.3 from lock file\nnpm error Missing: @babel/helper-string-parser@7.27.1 from lock file\nnpm error Missing: @jest/schemas@30.0.5 from lock file\nnpm error Missing: @types/istanbul-reports@3.0.4 from lock file\nnpm error Missing: @types/yargs@17.0.34 from lock file\nnpm error Missing: @sinclair/typebox@0.34.41 from lock file\nnpm error Missing: @jridgewell/sourcemap-codec@1.5.5 from lock file\nnpm error Missing: @jridgewell/resolve-uri@3.1.2 from lock file\nnpm error Missing: @types/istanbul-lib-report@3.0.3 from lock file\nnpm error Missing: @types/yargs-parser@21.0.3 from lock file\nnpm error Missing: type-fest@0.21.3 from lock file\nnpm error Missing: @babel/helper-plugin-utils@7.27.1 from lock file\nnpm error Missing: @istanbuljs/load-nyc-config@1.1.0 from lock file\nnpm error Missing: @istanbuljs/schema@0.1.3 from lock file\nnpm error Missing: test-exclude@6.0.0 from lock file\nnpm error Missing: camelcase@5.3.1 from lock file\nnpm error Missing: find-up@4.1.0 from lock file\nnpm error Missing: get-package-type@0.1.0 from lock file\nnpm error Missing: js-yaml@3.14.1 from lock file\nnpm error Missing: resolve-from@5.0.0 from lock file\nnpm error Missing: baseline-browser-mapping@2.8.26 from lock file\nnpm error Missing: caniuse-lite@1.0.30001754 from lock file\nnpm error Missing: electron-to-chromium@1.5.250 from lock file\nnpm error Missing: node-releases@2.0.27 from lock file\nnpm error Missing: update-browserslist-db@1.1.4 from lock file\nnpm error Missing: supports-color@7.2.0 from lock file\nnpm error Missing: locate-path@5.0.0 from lock file\nnpm error Missing: path-exists@4.0.0 from lock file\nnpm error Missing: foreground-child@3.3.1 from lock file\nnpm error Missing: jackspeak@3.4.3 from lock file\nnpm error Missing: minimatch@9.0.5 from lock file\nnpm error Missing: minipass@7.1.2 from lock file\nnpm error Missing: package-json-from-dist@1.0.1 from lock file\nnpm error Missing: path-scurry@1.11.1 from lock file\nnpm error Missing: cross-spawn@7.0.6 from lock file\nnpm error Missing: signal-exit@4.1.0 from lock file\nnpm error Missing: path-key@3.1.1 from lock file\nnpm error Missing: shebang-command@2.0.0 from lock file\nnpm error Missing: which@2.0.2 from lock file\nnpm error Missing: pkg-dir@4.2.0 from lock file\nnpm error Missing: resolve-cwd@3.0.0 from lock file\nnpm error Missing: make-dir@4.0.0 from lock file\nnpm error Missing: debug@4.4.3 from lock file\nnpm error Missing: html-escaper@2.0.2 from lock file\nnpm error Missing: @isaacs/cliui@8.0.2 from lock file\nnpm error Missing: @pkgjs/parseargs@0.11.0 from lock file\nnpm error Missing: string-width@5.1.2 from lock file\nnpm error Missing: string-width-cjs@4.2.3 from lock file\nnpm error Missing: strip-ansi@7.1.2 from lock file\nnpm error Missing: strip-ansi-cjs@6.0.1 from lock file\nnpm error Missing: wrap-ansi@8.1.0 from lock file\nnpm error Missing: wrap-ansi-cjs@7.0.0 from lock file\nnpm error Missing: execa@5.1.1 from lock file\nnpm error Missing: get-stream@6.0.1 from lock file\nnpm error Missing: human-signals@2.1.0 from lock file\nnpm error Missing: merge-stream@2.0.0 from lock file\nnpm error Missing: npm-run-path@4.0.1 from lock file\nnpm error Missing: onetime@5.1.2 from lock file\nnpm error Missing: signal-exit@3.0.7 from lock file\nnpm error Missing: strip-final-newline@2.0.0 from lock file\nnpm error Missing: @jest/get-type@30.1.0 from lock file\nnpm error Missing: @jest/test-sequencer@30.2.0 from lock file\nnpm error Missing: babel-jest@30.2.0 from lock file\nnpm error Missing: deepmerge@4.3.1 from lock file\nnpm error Missing: jest-circus@30.2.0 from lock file\nnpm error Missing: jest-docblock@30.2.0 from lock file\nnpm error Missing: jest-environment-node@30.2.0 from lock file\nnpm error Missing: parse-json@5.2.0 from lock file\nnpm error Missing: strip-json-comments@3.1.1 from lock file\nnpm error Missing: @types/babel__core@7.20.5 from lock file\nnpm error Missing: babel-preset-jest@30.2.0 from lock file\nnpm error Missing: @types/babel__generator@7.27.0 from lock file\nnpm error Missing: @types/babel__template@7.4.4 from lock file\nnpm error Missing: @types/babel__traverse@7.28.0 from lock file\nnpm error Missing: babel-plugin-jest-hoist@30.2.0 from lock file\nnpm error Missing: babel-preset-current-node-syntax@1.2.0 from lock file\nnpm error Missing: @babel/plugin-syntax-async-generators@7.8.4 from lock file\nnpm error Missing: @babel/plugin-syntax-bigint@7.8.3 from lock file\nnpm error Missing: @babel/plugin-syntax-class-properties@7.12.13 from lock file\nnpm error Missing: @babel/plugin-syntax-class-static-block@7.14.5 from lock file\nnpm error Missing: @babel/plugin-syntax-import-attributes@7.27.1 from lock file\nnpm error Missing: @babel/plugin-syntax-import-meta@7.10.4 from lock file\nnpm error Missing: @babel/plugin-syntax-json-strings@7.8.3 from lock file\nnpm error Missing: @babel/plugin-syntax-logical-assignment-operators@7.10.4 from lock file\nnpm error Missing: @babel/plugin-syntax-nullish-coalescing-operator@7.8.3 from lock file\nnpm error Missing: @babel/plugin-syntax-numeric-separator@7.10.4 from lock file\nnpm error Missing: @babel/plugin-syntax-object-rest-spread@7.8.3 from lock file\nnpm error Missing: @babel/plugin-syntax-optional-catch-binding@7.8.3 from lock file\nnpm error Missing: @babel/plugin-syntax-optional-chaining@7.8.3 from lock file\nnpm error Missing: @babel/plugin-syntax-private-property-in-object@7.14.5 from lock file\nnpm error Missing: @babel/plugin-syntax-top-level-await@7.14.5 from lock file\nnpm error Missing: @jest/environment@30.2.0 from lock file\nnpm error Missing: @jest/expect@30.2.0 from lock file\nnpm error Missing: co@4.6.0 from lock file\nnpm error Missing: dedent@1.7.0 from lock file\nnpm error Missing: is-generator-fn@2.1.0 from lock file\nnpm error Missing: jest-each@30.2.0 from lock file\nnpm error Missing: jest-matcher-utils@30.2.0 from lock file\nnpm error Missing: pure-rand@7.0.1 from lock file\nnpm error Missing: stack-utils@2.0.6 from lock file\nnpm error Missing: @jest/fake-timers@30.2.0 from lock file\nnpm error Missing: jest-mock@30.2.0 from lock file\nnpm error Missing: expect@30.2.0 from lock file\nnpm error Missing: @sinonjs/fake-timers@13.0.5 from lock file\nnpm error Missing: @sinonjs/commons@3.0.1 from lock file\nnpm error Missing: type-detect@4.0.8 from lock file\nnpm error Missing: @jest/expect-utils@30.2.0 from lock file\nnpm error Missing: detect-newline@3.1.0 from lock file\nnpm error Missing: anymatch@3.1.3 from lock file\nnpm error Missing: fb-watchman@2.0.2 from lock file\nnpm error Missing: fsevents@2.3.3 from lock file\nnpm error Missing: walker@1.0.8 from lock file\nnpm error Missing: normalize-path@3.0.0 from lock file\nnpm error Missing: picomatch@2.3.1 from lock file\nnpm error Missing: bser@2.1.1 from lock file\nnpm error Missing: node-int64@0.4.0 from lock file\nnpm error Missing: jest-diff@30.2.0 from lock file\nnpm error Missing: @jest/diff-sequences@30.0.1 from lock file\nnpm error Missing: @types/stack-utils@2.0.3 from lock file\nnpm error Missing: jest-pnp-resolver@1.2.3 from lock file\nnpm error Missing: unrs-resolver@1.11.1 from lock file\nnpm error Missing: emittery@0.13.1 from lock file\nnpm error Missing: jest-leak-detector@30.2.0 from lock file\nnpm error Missing: source-map-support@0.5.13 from lock file\nnpm error Missing: @jest/globals@30.2.0 from lock file\nnpm error Missing: @jest/source-map@30.0.1 from lock file\nnpm error Missing: cjs-module-lexer@2.1.1 from lock file\nnpm error Missing: strip-bom@4.0.0 from lock file\nnpm error Missing: callsites@3.1.0 from lock file\nnpm error Missing: @babel/plugin-syntax-jsx@7.27.1 from lock file\nnpm error Missing: @babel/plugin-syntax-typescript@7.27.1 from lock file\nnpm error Missing: @jest/snapshot-utils@30.2.0 from lock file\nnpm error Missing: synckit@0.11.11 from lock file\nnpm error Missing: natural-compare@1.4.0 from lock file\nnpm error Missing: picomatch@4.0.3 from lock file\nnpm error Missing: camelcase@6.3.0 from lock file\nnpm error Missing: leven@3.1.0 from lock file\nnpm error Missing: @ungap/structured-clone@1.3.0 from lock file\nnpm error Missing: supports-color@8.1.1 from lock file\nnpm error Missing: argparse@1.0.10 from lock file\nnpm error Missing: esprima@4.0.1 from lock file\nnpm error Missing: sprintf-js@1.0.3 from lock file\nnpm error Missing: p-locate@4.1.0 from lock file\nnpm error Missing: braces@3.0.3 from lock file\nnpm error Missing: fill-range@7.1.1 from lock file\nnpm error Missing: to-regex-range@5.0.1 from lock file\nnpm error Missing: brace-expansion@2.0.2 from lock file\nnpm error Missing: balanced-match@1.0.2 from lock file\nnpm error Missing: mimic-fn@2.1.0 from lock file\nnpm error Missing: p-limit@2.3.0 from lock file\nnpm error Missing: error-ex@1.3.4 from lock file\nnpm error Missing: json-parse-even-better-errors@2.3.1 from lock file\nnpm error Missing: lines-and-columns@1.2.4 from lock file\nnpm error Missing: is-arrayish@0.2.1 from lock file\nnpm error Missing: lru-cache@10.4.3 from lock file\nnpm error Missing: ansi-styles@5.2.0 from lock file\nnpm error Missing: react-is@18.3.1 from lock file\nnpm error Missing: shebang-regex@3.0.0 from lock file\nnpm error Missing: buffer-from@1.1.2 from lock file\nnpm error Missing: source-map@0.6.1 from lock file\nnpm error Missing: escape-string-regexp@2.0.0 from lock file\nnpm error Missing: char-regex@1.0.2 from lock file\nnpm error Missing: has-flag@4.0.0 from lock file\nnpm error Missing: @pkgr/core@0.2.9 from lock file\nnpm error Missing: glob@7.2.3 from lock file\nnpm error Missing: minimatch@3.1.2 from lock file\nnpm error Missing: is-number@7.0.0 from lock file\nnpm error Missing: @unrs/resolver-binding-android-arm-eabi@1.11.1 from lock file\nnpm error Missing: @unrs/resolver-binding-android-arm64@1.11.1 from lock file\nnpm error Missing: @unrs/resolver-binding-darwin-arm64@1.11.1 from lock file\nnpm error Missing: @unrs/resolver-binding-darwin-x64@1.11.1 from lock file\nnpm error Missing: @unrs/resolver-binding-freebsd-x64@1.11.1 from lock file\nnpm error Missing: @unrs/resolver-binding-linux-arm-gnueabihf@1.11.1 from lock file\nnpm error Missing: @unrs/resolver-binding-linux-arm-musleabihf@1.11.1 from lock file\nnpm error Missing: @unrs/resolver-binding-linux-arm64-gnu@1.11.1 from lock file\nnpm error Missing: @unrs/resolver-binding-linux-arm64-musl@1.11.1 from lock file\nnpm error Missing: @unrs/resolver-binding-linux-ppc64-gnu@1.11.1 from lock file\nnpm error Missing: @unrs/resolver-binding-linux-riscv64-gnu@1.11.1 from lock file\nnpm error Missing: @unrs/resolver-binding-linux-riscv64-musl@1.11.1 from lock file\nnpm error Missing: @unrs/resolver-binding-linux-s390x-gnu@1.11.1 from lock file\nnpm error Missing: @unrs/resolver-binding-linux-x64-gnu@1.11.1 from lock file\nnpm error Missing: @unrs/resolver-binding-linux-x64-musl@1.11.1 from lock file\nnpm error Missing: @unrs/resolver-binding-wasm32-wasi@1.11.1 from lock file\nnpm error Missing: @unrs/resolver-binding-win32-arm64-msvc@1.11.1 from lock file\nnpm error Missing: @unrs/resolver-binding-win32-ia32-msvc@1.11.1 from lock file\nnpm error Missing: @unrs/resolver-binding-win32-x64-msvc@1.11.1 from lock file\nnpm error Missing: napi-postinstall@0.3.4 from lock file\nnpm error Missing: @napi-rs/wasm-runtime@0.2.12 from lock file\nnpm error Missing: @emnapi/core@1.7.0 from lock file\nnpm error Missing: @emnapi/runtime@1.7.0 from lock file\nnpm error Missing: @tybys/wasm-util@0.10.1 from lock file\nnpm error Missing: @emnapi/wasi-threads@1.1.0 from lock file\nnpm error Missing: makeerror@1.0.12 from lock file\nnpm error Missing: tmpl@1.0.5 from lock file\nnpm error Missing: isexe@2.0.0 from lock file\nnpm error Missing: imurmurhash@0.1.4 from lock file\nnpm error Missing: ms@2.1.3 from lock file\nnpm error Missing: yallist@3.1.1 from lock file\nnpm error Missing: ms@2.1.3 from lock file\nnpm error Missing: eastasianwidth@0.2.0 from lock file\nnpm error Missing: emoji-regex@9.2.2 from lock file\nnpm error Missing: ansi-regex@6.2.2 from lock file\nnpm error Missing: ansi-styles@6.2.3 from lock file\nnpm error Missing: ms@2.1.3 from lock file\nnpm error Missing: p-try@2.2.0 from lock file\nnpm error Missing: fs.realpath@1.0.0 from lock file\nnpm error Missing: inflight@1.0.6 from lock file\nnpm error Missing: path-is-absolute@1.0.1 from lock file\nnpm error Missing: brace-expansion@1.1.12 from lock file\nnpm error Missing: concat-map@0.0.1 from lock file\nnpm error\nnpm error Clean install a project\nnpm error\nnpm error Usage:\nnpm error npm ci\nnpm error\nnpm error Options:\nnpm error [--install-strategy <hoisted|nested|shallow|linked>] [--legacy-bundling]\nnpm error [--global-style] [--omit <dev|optional|peer> [--omit <dev|optional|peer> ...]]\nnpm error [--include <prod|dev|optional|peer> [--include <prod|dev|optional|peer> ...]]\nnpm error [--strict-peer-deps] [--foreground-scripts] [--ignore-scripts] [--no-audit]\nnpm error [--no-bin-links] [--no-fund] [--dry-run]\nnpm error [-w|--workspace <workspace-name> [-w|--workspace <workspace-name> ...]]\nnpm error [-ws|--workspaces] [--include-workspace-root] [--install-links]\nnpm error\nnpm error aliases: clean-install, ic, install-clean, isntall-clean\nnpm error\nnpm error Run \"npm help ci\" for more info\nnpm error A complete log of this run can be found in: /www-data-home/.npm/_logs/2025-11-12T00_02_53_146Z-debug-0.log. For more details see the logs at https://console.cloud.google.com/cloud-build/builds;region=us-central1/2303f632-84e3-434c-b483-1afc152dbdd9?project=746607802051."
    },
    "status": 3,
    "code": 3
  }
}
[debug] [2025-11-12T00:03:39.458Z] Error: Failed to create function onDeviceStatusChange in region us-central1
    at /opt/homebrew/lib/node_modules/firebase-tools/lib/deploy/functions/release/fabricator.js:306:27
    at process.processTicksAndRejections (node:internal/process/task_queues:103:5)
    at async Fabricator.createV2Function (/opt/homebrew/lib/node_modules/firebase-tools/lib/deploy/functions/release/fabricator.js:290:30)
    at async Fabricator.createEndpoint (/opt/homebrew/lib/node_modules/firebase-tools/lib/deploy/functions/release/fabricator.js:137:13)
    at async handle (/opt/homebrew/lib/node_modules/firebase-tools/lib/deploy/functions/release/fabricator.js:89:17)
[error] 
[error] Error: There was an error deploying functions
